O(C)Cc1c(O)[n]cc2[n]c3c4CC/[N]/5=C(\N)/N.c6\5cc7c(O)cc6.c21c4.C7C.C3CO
CCc1cc2ccc1O.N21[C](N)N.C1Cc2cc3c4c(O)[n]cc3[n]c2CCO.C4OC

O=C(O)c1c2ccc3c1C[C@H]4C(=O)/N=C(/O)\CCCCC(O)=O.C4(O)=O.O2C.N3(C)C
CN(C)c1c2c3c4OC.C3(=O)O.c4c1.C2[C@@H]5C(=O)O.C5(=O)\N=C(/O)\CCCCC(=O)O

O=C1Nc2cc(C)cc3c4c5[n]c(N)c32.C4=CC=C5.O1C(=O)CCCN
Cc1cc2c3c(N)[n]c4ccccc42.c1c3NC(=O)OC(=O)CCCN

Oc1cc2c3[C@H](O)CCC.[nH]31.C2/C/4=N\[C@@H](O)c5cc6c7cc5.c7c8Nc9ccccc9.[nH]86.[C@@H]\4(C)N
CCC[C@@H](O)c1c2cc(O)[nH]1.C2/C/1=N/[C@@H](O)c2cc3c4cc5[nH]3.[C@H]\1(N)C.N5c6ccccc6.c4c2

Fc1ccc(O)c2c3[N]([O])=O.c3c4NC(=O)CC(=O)OCCCC[C@](C)(O)CC.c21c4
CC[C@](O)(C)CCCCOC(=O)CC(=O)Nc1cc2c(F)ccc(O)c2c3c1.[N]3(=O)O

O=C(C)OCc1ccc2c3c4cccc31.C\2=N\C(C)=C.N4C=O
C=C(C)/N=C/c1c2c3cccc2c4COC(=O)C.N3C=O.c4c1

Ic1c(O)c2c3C(=O)c4c5c6ccc4N[S@](O)(=O)=O.c1c3.C6C[P@@H](O)=O.[C@@H]52Cl
c1cc2c3C(=O)c4c5c(O)c(I)cc4.[C@@H]5(Cl)c3c1CC[P@H+1]([O-1])O.N2[S@](=O)(=O)O

O=C(O)c1c2c3cc4ccc5/N=C\O.[n]3c(C)cc2.c41c5
Cc1[n]c2c3c4c5c6c2.c5c7/N=C/O.c7c6.C4(=O)O.c1c3

[S@@](O)(=O)(=O)CC(=O)OC(=O)c1c2[n](C)c3[n]1CC(=O)OC(=O)c4ccccc4.C2O.C3OC
CN1[C]2N3C4=C1CO.C3C(=O)OC(=O)c5ccccc5.C2OC.C4(=O)OC(=O)C[S@](=O)(=O)O

Fc1c2c3c4C(=O)NC(O)=O.O2c5c(O)cccc5.c/61c4.C3(=O)NCC.N\6=C\O
CCNC(=O)c1c2c(F)c3/N=C/O.c3c1C(=O)NC(=O)O.O2c4ccccc4O

Clc1c2cc3c4cc5ccc41.O2C.N65C(C)=C.C6(C)=O.N\3=C\O
C=C(C)N1c2cc3c4c(Cl)c5OC.c4c2.c/63c5.N\6=C/O.C1(=O)C

O=C(O)C/C(/O)=N\Cc1c2c3cc4ccc5/C(/C)=N\C=C\CCC.c2ccc3O.c41c5
CCC/C=C/N=C(\C)/c1cc2c3c4c5c(O)ccc4.c1cc2c5.C3\N=C(/O)\CC(=O)O

Clc1cc(O)c2c3cc4c5c[n][n]4C.c5c31.N\2=C(/O)\[C@H]6C(O)=O.C6C(O)=O
C[n]1c2c3c[n]1.c2c4c\5c(O)cc(Cl)c4c3.N/5=C(/O)\[C@H]6C(=O)O.C6C(=O)O

Oc1c(O)c2ccccc2[n]c1C1=CNc2c(O)[n]c(C)[n]([O])c21
CC1=N[C](O)c2c3N1O.c3-4c[nH]2.c5-4[n]c6ccccc6c(O)c5O

O(C)CCc1cccc2c(O)c3c4c(O)c21.C4CC[C@H]3/N=C\N
COCCc1c2c(O)c3c4c(O)c2ccc1.[C@H]45/N=C/N.C3CC5

O=C1C/C/2=N\c3ccc4[C@@H](O)/N=C\5/[C@@H](C)C.C1=CC\2.c4c3.C5C(=O)c6c[n]ccc6
C[C@@H](C)\C\1=N/[C@H](O)c2ccc3\N=C\4/CC(=O)C=CC/4.c2c3.C1C(=O)c5c[n]ccc5

Fc1cccc2c3cccc21.O3CC(F)(F)C/C=N\CCCC
CCCC\N=C\CC(F)(F)COc1cccc2c1cccc2F

[P@@H](O)(=O)OCC1=C[C@@H]2\C\3=C/CC.c42cc5cc6ccc(O)cc64.O5CCC.C1(C)=C/3
CC/C=C/1\[C@@H]2c3c4c5cc6c3.c4c(O)cc5.C2=C7C(C)=C\1.O6CCC.C7O[P@H](=O)O

O=C1/C(/O)=N\Cc2c3c4c5cc2.[o]5c6c4.O3CCCC.C6/N=C\O.N1/C=C/C(O)=O
CCCCOc1c2C\N=C(/O)\C(=O)N/C=C/C(=O)O.c2cc3c1cc4[o]3.C4/N=C/O

Clc1cc2cc3cc-4c(N)cc31.c5-4ccccc5.C2(=O)N/C(/O)=N\c6c7C(O)=O.c7ccc6
c1ccc2-c3cc4cc5cc(Cl)c4cc3N.C5(=O)N\C(\O)=N\c6ccccc6C(=O)O.c1c2

O=C(O)/C=C\C=C\C\1=C/2\CO.O/1C(=O)CC[C@@H](C)C.C\2=C/CC/C=C\CCC(O)=O
C[C@@H](C)CCC(=O)O/C/1=C\2\CO.C\1=C/C=C\C(=O)O.C/2=C\CC/C=C\CCC(=O)O

Fc1cc2c3ccc4cc(O)c5c6c24.C3#N.c5c[n]c61
c1cc2c3c4c5c6[n]ccc5c(O)cc41.C3=C6F.C2#N

Clc1cc/2c(O)c3c4c5ccc31.N\2=C\N.O5C(=O)CC(=O)NO.O4C
COc1c2OC(=O)CC(=O)NO.c13c4c(Cl)cc/5c3O.N\5=C/N.c4c2

O=C(O)/C/1=C\c2cc3ccc2.C4\1=C[C@@H]5c6c7[n]([O])c(O)c(O)c6.C74.O5C.N3C
CNc1cccc\2c1.C/2=C\1/C(=O)O.C/12=C[C@@H]3C4=CC(O)=C(O)N(O)[C]4C2.O3C

O=C/1c2ccc(O)c3c(O)cccc32.N\1=C\C/C(/O)=N\c4cc(O)cc5c4.C5C
CCc1cc\2cc(O)c1.N/2=C(/O)\C/C=N/C(=O)c1c2c3c(O)cc1.c2ccc3O

O(C)c1c2CCCCc3cc4c5[n]c6-c7ccccc7.[nH]53.c2ccc1.c6c4O
COc1ccccc1CCCCC2=Cc3c(O)cc4-c5ccccc5.c63[n]4.N62

O=[N]([O])c1cc2ccc3C(O)=O.c1c4c2c3C(O)=O.C4CC=O
C1C=O.C1c2c3c4c5C(=O)O.c5cc3cc6c2.C4(=O)O.[N]6(=O)O

[s]1c2c3C(=O)OC(=O)c4c5C(=O)/N=C\CO.c3c1.c5c6-c7cc[n][nH]7.c4c6.C2(O)=O
c1cc2c3C(=O)/N=C/CO.c3c1-c4cc[n][nH]4.C2(=O)OC(=O)c5c6C(=O)O.[s]6cc5

O=C1c2c3c4c(C)cc2.N1C(C)=O.C3C.[C@H]4(C)/C(/O)=N\[C@@H]/5C(O)=O.C\5=C\C(O)=O
CCc1c2C(=O)NC(=O)C.c13c(C)cc2.[C@H]3(C)/C(/O)=N/[C@@H]\4C(=O)O.C/4=C/C(=O)O

O=C1NC(=O)CN.N1/C(/O)=N\C(=O)c2c3cccc2.O3C[C@H]4C(O)=O.c54ccccc5
c1ccc2[C@@H]3C(=O)O.c2c1.C3Oc4ccccc4C(=O)/N=C(\O)/NC(=O)NC(=O)CN

O=C(O)c1c2c3c4c5c6[C@H]/7C(O)=O.c51cc(O)c6.C2C=CC3.C4C(O)=O.N\7=C(/O)\CCCC(O)=O
C1=CCc2c3c4c5c6cc(O)cc5c2C(=O)O.C4C(=O)O.C31.[C@H]\76C(=O)O.N/7=C(/O)\CCCC(=O)O

Fc1cc[n]c2c3c4c[n]c21.c53c(O)cc4O.C5/C/6=C\CC(O)=O.C\6(O)=O
C/1=C/2\C(=O)O.C2c3c4-c5[n]ccc(F)c5N=Cc4c(O)cc3O.C1C(=O)O

Clc1c[nH]c2c1.C2(=O)Oc1c2CC[P@@H](O)=O.c1ccc2
c1ccc2c3c1.C3C[P@H+1]([O-1])O.O2C(=O)c4cc(Cl)c[nH]4

[P@](O)(O)(=O)c1c(O)[n]c(O)c2c1CC(C)=C[C@H]2c1cc(O)ccc1
CC1=C[C@@H]2c3c4c5c(O)[n]c3O.C41.[P@+1]5([O-1])(O)O.c26cc(O)ccc6

[o]1c2cc3c1c(O)cc4cc5ccccc5[n]c43.C2NC
CNCc1cc-2c3C(O)=Cc4cc5ccccc5[n]c-24.[o]31

S1c2[n]3c(C)c[nH]2.C1C(O)=O.C3c4cc5ccc6OC.c74cc5c6.C7(O)=O
CC1=CN[C]2N1Cc3cc4ccc5OC.S2CC(=O)O.c5c4cc3C(=O)O

O=C1N[C@@H]2C(O)=O.C2(O)=O.O1C(=O)c1[n]2c3ccc1CCC(O)=O.C2c4c(C)cccc4.C3C
CC[C]1N2C3=C4CCC(=O)O.C2c5ccccc5C.C3(=O)OC(=O)N[C@@H]6C(=O)O.C4=C1.C6(=O)O

O=C1OCCc2cc3cc(O)c2.O1C(=O)c4cc5c6[n]cc/7c5.[o]64.N\7=C(/C)\O.O3C
C/C(/O)=N\c1c[n]c2c3c1.O2C4=C3.C4(=O)OC(=O)OCCc5cc(O)cc6c5.O6C

O=C(O)c1cc2cc3c(O)cc2cc1O.C3/N=C\4/C(O)=O.C/4=C(/O)\Cc5cccc6ccccc65
c1ccc2c3cccc2c1.C3/C(/O)=C/C/4=N/Cc5c(O)cc6c7c5.C\4(=O)O.c6c(O)c8c7.C8(=O)O

Oc1[n]cc2c3c4c5[n]c(C)c31.N5=C(C)C=C4.C2C
CCc1c[n]c(O)c2c(C)[n]c3c4c21.[n]3c(C)cc4

O=C(O)/C/1=C/C(=O)CC(O)=O.C\1(=O)CC/C(/O)=N\Cc2ccccc2
c1ccc2C\N=C(/O)\CCC(=O)\C\3=C/C(=O)CC(=O)O.c1c2.C/3(=O)O

[S@@](O)(=O)(=O)NC/C(/O)=N\CCc1c(O)ccc(O)c1Cc2ccccc2
c1ccc2Cc3c4c(O)ccc3O.c1c2.C4C\N=C(/O)\CN[S@](=O)(=O)O

