O=C(O)c1cc2c3C(=O)c4ccc5C(O)=O.c36[n]cccc61.O2[C@H]7C(N)=O.C7(O)=O.c5c4
O=C(O)CC[C@@H]1c2[n]c(O)c3c4c2[C@@H](O)C5=C1.C5C.N3CCC.[C@H]4(C)Oc6ccccc6
O=C1N2C(=O)c3c(C)[n]c(N)[n]c3.c42cc(O)ccc4.O1CC
Oc1[n]c(O)cc2cc(C)c3c4c21.[C@H]4(C)C=CC3
O=C(O)Cc1c2c3ccc1OC.C3CCC(O)=O.O2c4c(C)cccc4
Cl[C@@H](S)c1c2c3c(C)c4ccc5OC.c5c41.C2C=C(C)C3
O=C(O)CCc1c2[C@@H]3C=CCc2c4cc1.O3c5c(O)c6ccc5.O6C.C4C
Clc1c[n]-2c(C)c1.c3-2cc(C)c4[C@H](F)C5=Cc6c4c3c(O)cc6.O5C
Clc1cc2cc3c4cc5-c6cc(F)ccc6.[n]53[C@@H](C)C.c72c4.c7c1
O=C(O)CC(=O)c1cc2ccc3OC.c3c2cc1C(C)=O
O=C1c2c(O)[n]c3c4c2CCc5ccccc5.O1C.[C@@H]4(O)C=C6OC.C63
O=C1Nc2ccc3-c4cc[n]cc4.c35ccc(O)cc52.O1C(C)=O
O=C(O)[C@H](N)[C@H]1c2c3[C@@H]4C5=C1.C4(C)=C(O)C=C5.c63cc(O)c2.C6C(O)=O
Cl[C@@H](C)Cc1c2c3c(O)[n]c1C.C3(=O)NC(=O)c4ccccc4.C2CC
O=C(O)c1c2-c3cc4cc5c3.C5O.c1ccc2.C4(O)=O
[S@](O)(=O)(=O)c1c2C(=O)c3c(O)c(C)cc4c3.O4C[C@@H]/5C=O.c2cc6ccccc61.N\5=C(/N)\N
O=C1C2=CC(=O)C=C1.[C@H]2(O)c1cc2ccc1.C2(=O)c1c(O)c(O)c2c(O)c1.C2(O)=O
FC(F)(F)c1c(O)cc(O)c-2c1.c3-2c4c5ccc3.[o]4c6[n]5.N6C(=O)c7ccccc7
[S@@](O)(=O)(=O)Nc1c(O)cc2cc1.C2/C=C\[C@H](O)/C=C\C
ClC1=CCC[C@@H]2N1CC(=O)NC(=O)CO.C2CC[C@@H](O)[C@@H]1C(O)=O.C1(O)=O
O=C1CCCC(O)=O.O1c2c3-c4c5[C@H](O)C=C[C@H](O)c5ccc4.c63cc7c(O)cccc72.O6C
Brc1cc2cc3c4C(=O)c5c(O)ccc(O)c5C.c62cc3ccc4C(O)=O.c6c1
Clc1cccc2c3c4c5C(=O)OC(=O)C=C.C3CC(O)=O.c21c(O)c4cc(Cl)c5
N=C(N)c1c2c3ccc1.C2c4c5cc6c7c4.C7C=CC6.C53
O=C1c2cc-3ccc2.N1C(=O)[C@@H](N)C(O)=O.c4-3cc5cccc(O)c5c(O)c4O
O=C1NC(=O)c2ccc3cc2.N1c4ccccc4.N3C(=O)c5cc(N)c6c7c5.C7C(O)=O.C6C(O)=O
O=C(O)C1=C2Cc3c[nH]c(C)c3-c4ccc[o]4.C1/C/5=C\[C@H]6C(O)=O.c76cc8c(O)[nH]7.C\5=C2.C8(O)=O
O1[C@H]2[C@@H](C)CCC.c32cc4c5[C@@H]6C7=C[C@@H]4/C=C\c8ccc9cc8.C6=CC=C7.O9C.C1C.c5c3
O=C1CC(O)=O.O1C(=O)CCCOc2cccc3c(O)c4c5c(O)c32.[o]4cc5
O=C(O)c1cc2c(O)cc1.[C@H]2(O)/C/1=C/2\CCCc3[n]c4c(O)[nH]3.C\1(O)=O.C4(O)=O.O\2CCCC
O=C(O)Cc1c2-c3cc(O)cc4ccc(C)c5c43.c1c(O)cc2.C5C
O=C1c2cccc3ccccc32.O1C(=O)CCc4c5COC(C)=O.c5cc6c4cc[o]6
O=C1c2c(N)cc3cc2.O3/C/4=C/c5ccccc5.O1C(=O)CO.[C@H]\4(O)[C@@]6(O)CCCC.C6CO
FCCc1c2-c3ccccc3.c2c4cc1C.O4c5ccc(O)cc5
O=C(O)/C/1=C(/C)\O.[C@H]\1(O)CCc2cc3c(O)cc4c5c3cc2.[C@@H]4(C)C=CC5
O=C1c2c(C)cc3c4c2.C3c5cc6c7ccc8c6c(C)c5C4.C8CO.O1[C@@](C)(C)C.O7C
O1[C@H](C)c2c[n]3[C@@H](C)C.c41ccccc4.c3c2CC
O=C1c2c(O)c3ccc(O)cc3c4c2.O1C.C4/C=C\C
O=C(O)c1cc2c3c4c5c6c2c7c1O.C5C.c4c8C(O)=O.C7C=C6.c8c3
Clc1cc(F)c2c/3c1.C2(=O)N[C@@H](C)C(O)=O.C\3=C/4\Nc5ccc6-[n]7c(C)ccc7CC.c5c6.O\4C
O=C(O)c1c2-c3cc4c5ccc6c4.[nH]2c[n]1.C6CC.[nH]53
O=C(O)c1cc2cccc3c2[n]c1O.C3(=O)N4C(=O)CCC.C4=O
Clc1cc(O)c2c3c1.C2(=O)c4c5c6ccc4.[nH]5c(O)c6.C3(C)=O
Fc1cc2c(C)c3c4c(O)c2cc1.[C@@H]53C[C@@H](O)C4.O5c6c7CC(=O)NCC=O.c7ccc6
Clc1c2[C@H](C)CC.c1cc3c2.[C@H]43c5c6ccc7c5[C@H](C)C=C4.O7C.O6CC[C@@](C)(C)C
O=C(O)/C/1=C\2/C(/C)=C\C(=O)C=O.C\1(O)=O.C/2(=O)c1cc2c3cc1.[o]3cc2C
O=C(O)c1c(O)cc2c3c1.C2C(O)=O.O3[C@H](C)c4c(O)c5cc(O)c4CC.C5=O
O=C(O)c1[n]ccc2c3C(O)=O.c3(O)ccc21
O=C1c2c(C)c3c-4c5c2.C3OC.O1C.c6-4c7c8c9cc6.C8C=CC9.C5C7
O=C(O)[C@@H]1C(=O)NCCCCC.C1C/C/2=C(/C)\C=C/CC(O)=O.C\2(=O)Cc1cc2c3cc1.[nH]2cc3
O=C1[C@H](N)C(O)=O.O1C2=C3CN[C@@](C)(C)C.[C@H]42c5c6cccc5C[C@@](C)(C)C.C4C.C63
O=C(O)c1cc2cc(O)c3Oc4c5c6cc7c4.[nH]6c[n]5.c28c3.c1(O)c8.C7(O)=O
Clc1c2-c3cc4c(O)[nH]3.c52c6C(O)=O.c6c1CC(O)=O.[C@H]5(C)c7ccccc7.C4(O)=O
FC1(F)c2c3C/C/4=C\C=C\5/CCO.C1Cc6cc7ccc6.C7#N.C\4(O)=O.c3ccc2.O/5C
Fc1c2c3c(O)c4ccc5C(O)=O.c41c5-c6c7C(O)=O.O2C.c86ccc7O.C8C(O)=O.C3(O)=O
O=C(O)c1c(O)cc(O)c-2c1.c3-2ccccc3
Fc1cc2c3c4c(N)cc2cc1.C4c5c6cccc5.O6CC.C3OC
[S@]1(=O)(=O)c2c(O)c(O)cc3c2.O3CC.N1c4cc5ccc4.C5(O)=O
O=C(O)Cc1c[nH]c-2c1.c3-2c(O)c(O)c4cc3.C4C(=O)NC(=O)CC(=O)c5ccc(C)[o]5
O=C(O)c1cc2cccc3c2cc1.C3CC(=O)O[C@@H]4c5c6c7ccc5C.C6CC4.O7CC
O=C1Nc2[n]cc(C)c[n]2.O1C(=O)CCC#Cc1ccccc1
O=C(O)C1=C[C@@H]2c3c4c(C)c(C)cc3.[C@@H]41O.O2c5c(O)cccc5CCC
O=C1c2cc/3ccc2.C\3(/C)=C\c4cc5ccc4.O1CC.C5CCC(O)=O
O=C(O)c1c(O)cc2c3c1.O3c4c(O)[n]c(N)c/5c4.O2C.C\5=C\c6cc7c8CC.[nH]86.C7(O)=O
Ic1c(O)cc2c3cc4cc5ccc4c(O)c31.O5C.O2C(=O)CC
O=C(O)c1c2c3cc4c5cc(O)c6c4cc3c7ccccc71.O6C(=O)CC(O)=O.O5C.O2C
O(C)/C/1=C/c2c(O)c3c(O)cc2.c4\1c5c6c7c8ccc6cc4.C7C=C5.C8CC.C3[C@H](C)C#N
[S@]1(=O)(=O)/C/2=C\[C@@H](O)[C@@H]3C(C)=O.C\2(O)=O.C3CC(=O)N[C@@H]4C(O)=O.C4(O)=O.c51ccccc5
O=C(O)c1cc2ccccc2cc1OC(=O)c1c(O)[nH]c(N)c1C(O)=O
O=C1c2c(C)cccc2.O1C(=O)c1cc2ccc1.C32=C4[C@@H]5C(O)=O.C3=C5.C4(O)=O
Fc1ccc2cc1.O2/C=C/CC[C@H]1C(=O)N2C(=O)CC(O)=O.C1(O)=O.C2(=O)OC(C)=O
O1c2c3cccc2.C1CC[C@@H](O)/C=C/C.O3CCCCC
Clc1c(Cl)c2c3c4c1OC.O3CCc5ccccc5.C4(O)=O.C2C[S@](=O)(=O)c6ccc(Cl)cc6
O=C(O)c1c(O)c/2c3c4c1O.N\2=C(/C)\O.C3C=C[C@H]4C(O)=O
O=C(O)c1c(N)[n]c(N)c2c3[C@@H]4C=CCc3ccc21.N4C=O
O=C1Nc2cc3cc(O)cc(C)c3c4c2.[C@H]54C(O)=O.O1C(=O)[C@H]6C(=O)OCC.C6C.C5(O)=O
O=C1C2=CCc3c4c5ccc3.c42ccc5.O1/C=C/C(O)=O
O=C(O)CNc1[n]c2c3c(O)c4cc2.[o]31.N4c5ccccc5
O=C1C2=C3[C@@H]4c5c6-c7c[o]c[n]7.c58c[o]6.[C@@H]82[C@@H](O)C(O)=O.c94c%10c(C)c%11CC(O)=O.[nH]%119.C1=CC3=C%10
O=C(O)c1cc2ccc3C(O)=O.c3c2c4c1CC5=C6CC=C(C)C5.C64
O=C1C2=CC(=O)c3c1ccc4c3CCC.C2CC(O)=O.[C@H]54C(=O)OC.C5O
Clc1c2C(=O)[C@H]3c4c5c6c7c8c4.C5O3.C7C9=C%10[C@@H]%11CC=C[C@@H]%108.C9C=C%11.c2ccc1.C6[C@H](C)C(O)=O
O=C(O)c1cc2ccc3c4c2cc1O.c3ccc4
O=C1NCC(=O)c2c3C(=O)Nc4cc5c6cc4.O1C(N)=O.c73ccc2OC.O7C.O6C.C5(N)=O
Clc1cc(O)c2c-3c1.C2(O)=O.c4-3c5C(=O)c6cc(O)c(O)cc6.c4(O)cc7c5[nH]c8c7.C8(O)=O
[S@@](C)(=O)(=O)Nc1cc2cc3cccc/4c31.N2C=O.C\4=C\C(O)=O
[S@@](N)(=O)(=O)N[C@H]1C(=O)NC(=O)NOC.C21=CC=C(C)[C@@H]3c4c5c6ccc4.C6(O)=O.C32=CC5
O=C(O)c1c2c3ccc1.[nH]2c4c3cc5cc4.C5CC
O=C(C)OCCCc1c2[C@@](C)(C)c3ccc(O)cc3.c42cccc(C)c4cc1
O=C(O)/C/1=N\OCc2c[nH]cc2.C\1=C\C=C\C(O)=O
Clc1c2c3cc-4c1.[nH]3c-5c2.c6-5c(F)cccc6OC.c7-4ccccc7
S1c2c3c(O)c4cc2C.O4C.C1C(O)=O.C3CCCC(O)=O
Clc1cc2cc3c1.C2(O)=O.[C@@H]43CC[C@H]\5[C@](C)(C)C.C4/C/5=C\OC
Fc1cc2cc3c1.[C@@H]43/C(/O)=N\OC(=O)[C@H](N)C(O)=O.C4O.O2C
Cl/C/1=C/2\[C@@](C)(C)O.S\1CCc3cc4c5ccc(F)c4.[o]53.C2CC=O
O=C1CC(=O)c2c(N)[n]3-[n]4cccc4.c2c3.O1c5cc6c(C)cc5.C6O
Fc1c(O)cc2c3c4CCC(O)=O.c4ccc31.C2C
O=C(O)CN[C@@H]1c2c3[C@@H]4[C@@H]5CCCC4.c3c6cc2.C51.O6C
O=C(O)c1cc-2c(O)[nH]1.c3-2c(O)c4cc5ccc4cc3.C5C
O=C(O)c1cc2c3c(O)cc(O)c2cc1NC(C)=O.C3/C=C/C(O)=O
O=C1c2ccc[nH]2.O1/C/1=C\2/C(=O)c3ccccc3.c4\1c(O)cc(O)c5c4.C5C.C/2(O)=O
O=C(O)c1c2-c3cc(O)ccc3.c2(O)ccc1NC(=O)[C@@H](N)C(=O)N[C@H]4C(=O)OC(C)=O.C4C(O)=O
Clc1c2[C@H]/3C(O)=O.c2cc(Cl)c1.C\3=C\4/C(O)=O.C/4(=O)OC(=O)[C@@H](N)C(O)=O
O=C(O)c1cc2c3cc1.O3[C@@H]4C(O)=O.C2C/C=C\[C@@H]5[C@H](C)O.c65cc(O)ccc6.C4(O)=O
O=C1c2cc3c4cc5c6c3c(O)c2.N\4=C(/O)\CO/C=C/[C@](C)(C)C.c5c(O)cc6.O1C
Clc1cc2c3-c4cc5cc6c7c8cc9c64.c7ccc8.C92.[nH]31.C5(O)=O
O=C1C/N=C/2\C\3=C/C/C=C\[C@@H](C)C.C2OC.N1C(C)=O.C3CCNCC
Fc1c2Cc3c4[C@@H]5[C@H]6C(O)=O.C6CCC5.[nH]4c7c3.C7(=O)/C=C/C#N.c2c(O)c(C)c1
Clc1cc2ccc3CCCC(=O)OCCCC.c24c3.c4c1[C@H](O)NCC(O)=O
Cl/C/1=C\C(O)=O.N\1c2c3c4cc5c2.C3C6=C[C@@H]4O.O5C(C)=O.C6/C=C/CC(O)=O
Fc1c(O)c2c3cc1.N3C(C)=C.C2(=O)NC(C)=O
O(C)c1cc(O)c2[C@@](C)(C)c3c4c5ccc3.C5CCC4.c1c2[C@H]6CCCCC6
O=C(O)[C@@H]1C(O)=O.c21c(O)[n]c(O)c3c4c5cc-6c32.c4ccc5.c7-6c[n]c(N)[nH]7
O=C(O)c1c(C)ccc2ccc3C(O)=O.c21c3O
O=C(O)c1c2C(O)=O.c2cc/3c1.[N]/4\3=C(\C)/O.C\4=C/C/C/5=C/OC.C\5(=O)OCCCCC
Clc1cc2c3C(=O)NC(=O)NC(=O)c4cc5ccc6C(O)=O.c57c6.c7c4O.c1[n]c2c(O)cc3
FC1(F)c2c3C(O)=O.C1CCC(O)=O.c43c5c6c7c(O)[n][o]6.c7c4cc2.O5C
Cl[C@H]1C2=CCc3ccc4c5c31.O4[C@H]6CCC[C@H](O)C6.[C@@H]72C=O.O7C(N)=O.[C@H]5(O)CCC
Fc1c2c3ccc1.C2Cc4cc5c6cc4.C6C=C[C@@H]5CC#N.C3(=O)NCC(O)=O
Fc1c2c3c(F)c4c1[n](O)c(C)c4.O2C.C3[C@@H](C)C
Clc1c(O)c2c3C(O)=O.c1c(F)c2cc4c3.C4CO
O=C(O)c1c2-c3c4C(=O)[C@H](N)C(O)=O.c2c(O)cc1.c4[n]c5c3.[C@H]5(C)O
O=C(O)c1c2C3=CC=C4[C@H]5[C@H]3O.C5=CC=C4.c2ccc1
O=C1c2cc(C)ccc2.N31C(=O)CCCCC.C3(=O)[C@H](N)c4c5[C@H](C)O.c65ccccc6cc4
O=C(O)C[C@H](O)c1c2c(O)ccc1.O2c1cc2c3[C@@H]4CCC(O)=O.C4=CC2.c1c3
F[C@H]1c2c3c4c5c6c2.O6C(=O)CC.[C@@H]5(C)CCC4.C3C(O)=O.c71c8C(O)=O.c7(C)c9cc8.O9CC
O=C(O)CC(=O)c1c2c(O)c3c4c1.c3c[o]4.O2[C@@](C)(C)CC
Clc1cccc2[n]c(N)c3c4c(O)c5c(O)cccc5c3c21.C4(=O)CC(=O)NCC(=O)OC
Fc1c(O)c2cc3c4cc5COC(C)=O.[o]53.c4c2c(O)c1-c6cc7c(O)[nH]6.[C@@H]7(O)/C=C\C
O=C(O)c1c[n]c2c3cc4c5c6ccc4cc31.O2C.c76c[nH]5.C7CC(O)=O
O=C(O)c1ccc2-c3cc(O)cc(C)c3.c41cc5c6CC(O)=O.c24c(O)c5[n]cc6
O=C1CCC.O1CCc2c3CCOC.c3c(C)cc2
O=C(O)[C@H]1C(O)=O.C1[C@@H](C)C(=O)C/C=C\Cc2cc(O)[n]cc2
Brc1cccc2cc3c4COC.c21c4.C3c5cc(O)[n]c6c5.C6CCCC(O)=O
O=C1C2=C3[C@@H](O)c4c5c6ccccc6c7c41.[C@@H]5(C)C=C.O7C.C2C.C3(O)=O
O=C(O)/C=C\N/N=C(\O)/C/N=C(\O)/c1ccccc1
Clc1c2/C/3=C/[C@H](O)C(O)=O.C\3(O)=O.c2c4cc1.C4[C@H](O)/C/5=C/6\CO.O\6C.C\5(O)=O
O=C(O)Cc1c2Cc3ccc4cc3.O4C.c2ccc1
O=C(O)C(=O)Cc1cc-2c[o]1.c3-2c4c5c(O)[nH]3.C\4=C\CO.C5[C@H]6C(O)=O.C6CO
O=C1C(=O)c2cc-3ccc2.O1CC.c4-3cc5c6cccc5.[nH]64
Clc1cc2cc(O)c3c4c2cc1.C4COc5c6C(O)=O.c6ccc5.C3C(O)=O
Clc1cc/2cc3ccc4c5c31.C5(N)=O.N4C(O)=O.C\2(/Cl)=C/CC/C=C\OC
O=C(O)[C@H]1c2c3cc4c5c2CCC1.c64c(O)[nH]5.C6CCC(=O)OC(=O)Cc7ccccc7.O3C
[S@@](O)(=O)(=O)Nc1c2CCCc3ccccc3.c2cc4c(O)cc5C(O)=O.c41c5
Fc1c2CCCC(O)=O.c2cc3c1.O3/C(/C)=C/CC
O=C(C)OC1=C2[C@@H]3c4c5cccc4.C51.[C@@H]2(O)NC3
O=C1C(C)=CC(=O)C2=C1[C@H]3C[C@H](O)C2.O3C(=O)OC(=O)NC(=O)NC(=O)CC#N
O=C(O)/C/1=C/C.C1c2cccc3cc4c5[o]cc4.c32c5
O[C@@H]1c2cc-3[n]c4c(C)cc(C)c5c42.C1=C5.c6-3c[nH]cc6
O=C(O)c1c(O)cc2c(O)c1.C2/C/1=C\Cc2ccc(O)cc2.C\1(O)=O
O=C1/C/2=C/C/C=C\C=C\C(O)=O.O1CCCC.C2c1cc2c3c4c1.C4CC[C@H]3c5c6cccc5.C62
O=C(O)c1c(O)c2cc3c1CC=C4C(O)=CC=C(O)[C@@H]43.C2[C@H]5C6=C7C(O)=O.C5[C@@H](O)C7.O6CC
O=C1N[C@@H]2[C@H]3C4=CCc5c(C)c6c7c(O)c53.C6C(C)=C8CC(O)=O.C87.C4C/9=C2.C\9=C(/C)\C.O1C
[o]1c2c(O)cc3c4c2cc1.[nH]3c-5c4O.c6-5c7c(C)ccc6O[C@H](N)O.O7C
O=C(N)NC(=O)c1c2C(O)=O.c2cc3c4c5ccc31.[n]5c(O)c6c(O)ccc7c64.C7CCC
O=C(N)OC(=O)c1ccc2cc1.C\2=C/1\C\2=N\OC.C\1(O)=O.C/2(=O)OCC
O=C(O)c1c2cccc1.N2/C/1=C/C(C)=O.[C@H]2\1[C@H](O)C(O)=O.c32cc(O)cc4c(O)cccc43
Clc1c2c(C)cc3c1.N2C.C3/C=C/4\CCC[C@@H]5CC(O)=O.C5\4
Fc1c2cc(F)cc1.O2C1=C[C@@H]2c3c4cc5cc3O.N2C=O.O5C.N41
O=C(O)/C(/O)=C\NC1=CC2=CCc3c4c(C)c(C)c5c3O.[C@@H]24C=C1C.[C@H]5(N)O
FC1=C[C@@H]2c3c4c5ccc3.[C@H]41C.O2CCCCC.N5CC
[S@](O)(=O)(=O)[C@@H]1[C@H](C)c2[n]cc[nH]2.[C@@H]1(O)CNc1ccccc1
[S@]1(=O)(=O)c2c3[C@H]4C(O)=O.c2cc5c3[nH]cc5O.N1C(=O)C[S@](O)(=O)=O.C4c6ccccc6
O=C(O)c1cc2c3cc1.C3C(O)=O.[C@H]2(N)c4ccccc4
O=C(O)c1c2[C@H]3c4c5CC=C3.[nH]4c6c5.C6(O)=O.c2c(O)cc1
[nH]1c-2ccc1.c3-2cc4ccc3.[C@@H]54CCC[C@H]6[C@](C)(C)C.C65
O=C(O)CCC(=C)/C=C(/O)\[C@H]1c2c3c4ccc2.C3C=C1.C4c5c(O)ccc6c5[C@H](C)C=CC6
O=C1c2c3CC.c2c4c5c3.C5(O)=O.O1CCCC.N4C
[S@@](C)(=O)(=O)c1cc/2cc3c4ccc(O)c31.C4C(O)=O.C/5\2=C(/C)\COC(=O)c6ccccc6.O\5C
O=C(O)Cc1ccc2c3cc(C)ccc31.C2COC
Ic1c(Cl)c2c(Cl)cc1N/C=C/CCC(O)=O.O2CCCC
Ic1c2c3cc4c1.O2C.C4(O)=O.O3c5cc6c(Cl)cccc6cc5
O[C@@H]1c2c3[C@@H]4C5=N1.C5=CC=C4.c62c7cc3.C7CCC6
O=C(C)OC[C@H]1c2c3c4cc-5c2.c6-5c7C[C@@H]8[C@@H](N)O.C8C.C1=CC3.c7c(O)cc6.O4C
O1c2cc3c4[C@H](O)C=C.c53cc(O)c4.c5c2.c61c(O)cccc6
O=C1N2C(=O)/C/3=C/NC(=O)NCC.c42cc(C)cc5ccccc54.N1C(=O)CC(O)=O.C\3(=O)NO
O=C1c2c3c4ccc2.c4c[nH]3.N1C(=O)c5ccccc5
O=C1/C=C/2\[C@@H]3C(O)=O.O\2C.c43cc(O)ccc4.O1C=O
OCc1[n]cc2-c3ccc4cc3.C4CCCCC.[nH]21
O=C1c2c3cc4cc2C(=O)C=C1.C4CC(=O)OCC.O3CC(=O)c5c(O)ccc/6c5.C\6=C\C=C
O=C(O)c1c2cccc1.O2c1c2C(=O)/C=C\CC(=O)N3c4ccc(C)cc4.c2ccc1.C3CC(O)=O
O=C(O)[C@@H]1C(=N)O.C1Cc2cc-3ccc2.c4-3cc5ccc4.C5CC
Clc1c(O)c2c3[n]1C.C2c4ccccc4.C3N/C(/O)=N/N(C)CC(O)=O
Fc1cc2cc3ccc2c(O)c1.C3(=O)Nc4[n]c5c[nH]4.C5#Cc6ccccc6
Clc1cc2c3c4ccc2c5c1O.O5c6c7cccc6.O7C.N3[S@](O)(=O)=O.C4c8c(O)cccc8
ClC1=C/2[C@H](C)c3c4c5c6CC.c41ccc5.c73c6.O7C.C/8\2=C/C.N\8C
O=C(O)[C@@H]1c2c3[C@H](C)c4c1ccc5c4O.O5C.c3c6[C@@H](C)CO.c6c2
Cl[C@@H]1c2c3C(O)=O.c2ccc3.S1Cc4c5c6ccc4.[nH]6c7c5.C7(O)=O
[S@@](O)(=O)(=O)NC(=O)[C@@H]1c2cc(C)ccc2.C1Cc1ccccc1
O=C1c2c3c4ccc(O)c5c4c6c2O.C6C(O)=O.O3C.C5(=O)CC(O)=O.N1C(=O)[C@@H](N)C(O)=O
O=C(O)c1cc2cc3ccc4[C@H]5C6=CCc4c31.C6O.c75c(O)c8ccc7.O8CC.C2(O)=O
O=C1c2c3Cc4c1cc(O)c5c4Cc6c(C)c7cccc(O)c7cc6.c2ccc3.C5(O)=O
O=C(O)c1c2[C@@]3(C)c4ccccc4.c2ccc1.C3Cc5cc6cc(C)ccc6cc5
O=C(O)/C=C/1\[C@H](C)C(=O)[C@H](N)C(O)=O.N\1c2c3[C@H]4[C@@H]5CC.c3c(C)c(O)c2.C5=C6C(=O)CC.N64
O=C(O)c1c2C(N)=O.c-32ccc1.c4-3ccccc4
Fc1cc2c3cc1.[nH]3c4c2.C4[n]5c6cc7ccc8c(O)c75.O8C.N6CC(O)=O
Clc1c(O)c2cccc3c2cc1.C3(=O)Nc4c(O)ccc(F)c4
O=C(O)c1c(O)c2ccc1-c3ccccc3.C2(=O)CC=O
Clc1cc2c3cc1.O3CCCC.C2c4cc5c6c(O)ccc5c(C)c4.C6/C(/Cl)=C/C(=O)N[S@](O)(=O)=O
O=C(O)c1c2c3cc4c(O)c5ccc41.c2(O)c(O)[nH]3.O5C
O=C(O)[C@H]1c2c(O)[nH]c(C)c2.c31ccc(C)c4ccc5c6c43.C6=O.O5c7c8C(C)=O.c8ccc7
Cl/C(/C)=C/[C@H]1[C@@H](C)/C=C\2/C(O)=O.C2c3ccccc3.C1COC
O=C1Nc2cc3ccc2.O3C.O1C(=O)CCC/C/4=C/C=C/c5cc(O)c(O)cc5.c6\4ccccc6
O=C1Nc2c(O)[nH]c(O)c2NC(=O)CC(O)=O.N1c1c(O)ccc(O)c1CCCO
Oc1[n]c(O)c2c3c1[C@@H](C)C.c43c(O)[nH]2.C4CC
Oc1c2[C@H]3[C@@H]4[C@@H]5[C@H]6c2c7c8c1.c7c(O)[nH]8.C6C=CC5.C4C=CC3
O=C(O)c1c(C)c-2c3c4c1.C3C=CC4.c5-2cc(N)ccc5
O=C(O)c1cc2cc3ccc2c4c1OCCC.O3[C@@H]5C(=O)NC.C5#N.C4[C@@H]6C(O)=O.C6(=O)OCC
O=C(O)c1c2ccc3c1.C3CC(O)=O.O2c4c5C(O)=O.c4ccc5
Clc1c2c3ccc1.[n]2(C)c4c3C[S@@](=O)(=O)OC(=O)Cc5cc(O)cc6c5.C6(O)=O.O4C
O1[C@@H](C)CCCCO.c21cccc3ccccc32
O=C1c2c3ccc4c2CC=C5[C@@H]4C=CC=C5.N1C#N.O3C
O=C(O)CC(=O)C/C=C/Cc1cccc2cc3c4CC=CC3.c4c21
[S@](O)(=O)(=O)c1c2CC.c31ccc(O)c4c3c5c2.c65c[nH]4.[C@H]/76C(=O)OC(=O)CCCCC.C\7=C/C(O)=O
O=C(O)c1c(O)cc2C(O)=O.c23c4[C@@](C)(O)c5c[o]cc5.c4[n]c(O)c31
O=C(O)c1cc2c3c4c5cc6cc4OC.c3c1.O6[C@@H]7c8c9[C@H]%10C=C7.C%10O.c8ccc9.[nH]52
O=Cc1c2[C@H](O)N=C[C@H]/3c2ccc1.C\3=C\c4cc(O)ccc4
Clc1c2CC.c1c3cc2.C3c4c(O)cc5c6c4.C6(O)=O.O5CCCC
Clc1cc2c3c4c5CC=C3.C2O.c5c6c7c41.C7C=CC6
O=C1Nc2c3C(=O)/N=C(/O)\CC[C@@H](O)CCCCC.c43ccc2.C4(O)=O.O1C(=O)CC(O)=O
O=C1NC(=O)CC(=O)OC.N1c2c3CC(O)=O.c42ccccc4cc3
Clc1c2CCc3c4CC(=O)NC(=O)[C@H]5C(=O)[C@@H](N)C(O)=O.c63c(O)[nH]4.C6CO.C5(O)=O.c1c[o]2
O=C(O)c1cc2c3c4cc(C)c2cc1O.c3c5[C@@](C)(C)c6c[nH]cc6.c5c4
O=C1/C/2=C/C.[C@H]\2(C)c3cc4c(O)cccc4cc3.N1C(=O)CC(O)=O
O=C(O)C1=C[C@H]2C3=C(O)Cc4cccc(O)c42.O31
Clc1cc2c3c4c1.C2c5c6[C@H]3C=C7C(O)=O.C74.c85c9[n]c6.C8C.C9COC
O=C(N)NCC[C@@H]1c2c(O)cccc2.N1C(=O)C(O)=O
Fc1ccc2C(O)=O.c23c4c5c6[C@H]7C(O)=O.C7#N.c6c31.c5cc8c4.C8(O)=O
Fc1cccc2cc3cc4ccc3cc21.C4[C@H](C)C(=O)NC
Cl[C@@H]1c2c3[C@@H]4C/5=C1.C4Cl.c63c(O)[nH]2.C\5=C/7\COCCC[n]8c(C)ccc8O.O\7C.C6(O)=O
Oc1[n]c2c3[C@H]4C5=C6[C@H]2C=CC=C6.C4=C(C)C=C5.c1c3
O=C1C2=CC(=O)c3cc-4c5c(O)c31.c6-4cc7cc8c6.[C@@H]8(O)CC(O)=O.C7(O)=O.C2(O)=O.O5C
c12ccc(C)cc2.[C@]1(C)(C)CC1=CCc2c3cccc2.C31
O=C1C2=C3[C@H](O)C=C[C@H]2C.C3c4c1c5cc(O)ccc5cc4C
Fc1c2c(N)ccc1.O2c1c2/C/3=C\C/C=C\CCC(O)=O.c2c(O)c4c1.C4(=O)NO.C\3C
O=C(O)[C@@](C)(C)C(=O)c1c(C)ccc2c1.O2c1cc2ccc1.C2C(O)=O
Clc1c2c3c4C(O)=O.c3(O)ccc2.c51c(F)ccc-6c45.c7-6cc[n][nH]7
Clc1ccc2C(O)=O.c31c4c5ccc23.C5(=O)OC(=O)NCCCC.O4C
O=C1Nc2c3c4c5c(O)c2C(O)=O.O3C.C5C=C4.O1C(=O)[C@@H](N)C(=O)CCC(O)=O
Clc1c2c3c(F)c(C)c1.N2[S@](=O)(=O)c4cc5c(O)c6cc(O)cc(O)c64.O5C.O3C
O=C(O)[C@@H](O)c1c2Cc3c4c5cc6c3.C5CCC4.c1ccc2.C6C
Clc1cc2c3c4c(C)cccc41.C2c5c6cc7cc5.O7c8c(Cl)cccc8.C63
Cl[C@H]1c2c3[C@@H]4c5c1c6ccc5.C4C.c3cc7c2.C7=C.C6/C=C\[C@@H](C)COCC(O)=O
O=C1C2=C(O)Nc3c4c5c6[C@H](C)C=C4.c6cc(C)c5c(O)c3[C@@H]2C.O1CC
Clc1c2-c3c4c5ccc3.O5c6cc7ccc6.C4#N.c1c8[C@@H](C)C.c2c8.C7(=O)OC(=O)NO
O=C1c2c3Cc4ccccc4.O1CC.c52c6c(O)ccc5cc3.C6C
O=C(O)c1c-2c3ccc4c5c3cc1.O4Cc6c(N)ccc(C)c6.[n]7-2ccc8c7.C8C.[C@]5(C)(C)C
[S@]1(=O)(=O)c2c(O)c(F)cc3c2.N1C(=O)c4c5cccc4.C3Cc6c7[C@](C)(C)C.c6(C)ccc7.O5C
Clc1c2cccc1.O2[C@@H]1C[C@H]2C3=Cc4c5c6c(O)c7c4OC.c6cc(O)c52.[C@@H]3(O)C1.C7C(O)=O
Clc1c2c3c4-c5c(Cl)[nH]c(C)[n]5.c4c1.C2OC.O3C
[S@]1(=O)(=O)c2cc3[n]c4ccc5C(O)=O.c5c4c6c3cc2.c71c(F)ccc8c7.C6(N)=O.C8=O
[S@]1(=O)(=O)c2c(O)c3ccccc3cc2.N1C(=O)NC(=O)/C/4=C\NC(=O)OC(=O)[C@H](N)C(O)=O.C4CC
[S@@](C)(=O)(=O)NC1=CCc2c3c4c5c(C)c2O.C31.C5C=C[C@H]4[C@@]6(O)CCC(O)=O.C6OC
O=C(O)/C=C/Oc1cc2ccc1.N2(C)/C(/O)=C/CCC
Cl[C@H]1C2=C[C@@H]3c4c5[C@@H]6C(O)=O.c41c7cc5.C2/C=C\8/C(O)=O.C/8C.O7CCC.C6=C3
Fc1c2C(=O)NC(=O)OC(=O)c3c(O)[nH]c(C)[n]3.c2(O)ccc1
O=C(O)c1c2c3cc4c5CO.C3OC2.c41c6c7c5.c7(O)c8C(O)=O.c6c8
O=C1NC(=O)NCC[C@H](O)C(O)=O.O1C(=O)CNCc2cc3ccc2.C3C(O)=O
O1c2cc3c4[C@H](C)O.C1C.c52cccc6c45.C6c7c(O)cc(O)c(O)c7.[C@]3(C)(C)C
O=C1c2cc3c(O)cc4c5c3c6c2.[C@H]5(C)C[C@@H]6OC[C@H](C)C.N1C.C4C(O)=O
O=C1C2=C3[C@H](O)C4=C1.N4c5c6c7cc(O)c5.C6(=O)C=CC7=O.C2(O)=O.C3C
O=C1/C=C\2/CC(O)=O.O1CCC.N/2C/C=C\[C@@H]1c2c(O)cccc2CC.C1C
ClC1=C[C@H]2[C@@H](C)/C=C\c3cc4c5c6c3.C4(O)=O.[C@@H]76C=C[C@H]5CC.C2S1.O7C
O=C1NCC.O1C(=O)[C@@H]2C(O)=O.c32c4C(O)=O.c53cc-6cc7c5cc4O.C7C.c8-6ccccc8
O(C)c1c2c3c4c5c1.N5C(N)=C6[C@H](O)C=CC[C@H]64.C2C=CC3
O(C)c1cc2c-3c4c[n]c2cc1.C4Cc5c-3cccc5
Fc1cc2c3c4c5-c6c(O)[n]c(C)cc6.c41ccc5.[nH]2cc3
Clc1c2C(=O)CC(=O)NC(=O)[C@H](N)C(O)=O.c1cc(F)c2
ClC1=CC=C[C@@H]2c3c4C(O)=O.C21.c53c(O)c6cccc(O)c64.C5C[n]7c8c9c[n]7.c8ccc9
O=C(O)CC(=O)c1c2c3c(O)cc1CC[C@@H](O)CC.[C@@H]43C5=CC2.C5=C[C@](C)(O)C4
O=C1NC(=O)c2c3COC.c3c4cc2.O4C.N1C(=O)c5c6C(N)=O.c5ccc6
O=C(O)C1=C[C@H]2c3c4c-5ccc3.c6-5c[o]cc6.C41.C2CC(=O)OCC
Clc1c2Cc3ccc4[n]3CCOc5ccccc5.c1c(O)cc2.C4#N
Clc1ccc2cc1.N2C(=O)OC(=O)CC[C@H]1CCC(F)(F)F.O1C
[s]1ccc2c1.C2c1c2[nH]c3[n]1.C3(=O)OCCCCC.O2C
O/C(/C)=N/c1c2c3cc4c1CCc5ccccc5.C4[C@@](C)(C)C.C2C6=C[C@@H]3CO.C6c7ccccc7
O=C(O)C1=CC[C@@H]2[C@@H]3c4c(O)c(C)c5cc4CC2.O5CCC.C31
O=C1c2cc3c(O)cc(C)cc3c4[n]ccc5c42.C5CC.c61c(O)ccc7cccc8c76.O8C
O=C(O)CCc1cc(O)cc2c1.C2Oc1c(O)c2c3cc1.[o]2c[n]3
Clc1c(O)c2c3[C@H](C)C(=O)/C=C\C(=O)C=O.c1c3.[C@@H]2(C)O
O=C(O)c1c2c3c4-c5c6c(O)cc(O)c5.c73ccc4.c7c1.O2CC.C6C(O)=O
O=C(N)Nc1c2c3c4C(O)=O.c53c6C(O)=O.c5(N)c1.c6c4-c7ccccc7.O2CCCC
O=C1[C@H]2c3c(O)c4c5cc3[C@H]6C7=C2.C7=CC=C6.c4c[nH]5.O1C[C@H](C)C
Clc1cc2c3-c4c5c6cccc(O)c6c7c4NC(=O)OCCC(O)=O.c82ccc3.c1c8.C7(O)=O.C5C
O=C(O)/C=C/c1ccc2c3c(C)cc4c(O)c31.C4C(=O)OCC.O2c5c(O)cc(O)c(O)c5
O=C1NC(=O)CC(O)=O.N1c2c3CO.c42cc(O)c5c6c4[n]c3.[o]6cc5
O=C(O)CCc1cc2c3cc1.C3c4c5[C@H]6CO.C6=CCc5c7[C@@H](C)NC.c4c7.C2OC
Clc1c2C[n]3c4cc5c3OC.c1c(F)c(O)c2.C4OC(=O)CCC.[S@]5(C)(=O)=O
O1CC.C1[C@H]2c3cccc4ccc(C)c5c43.C2=C5
O=C(O)c1cc2ccc1.[C@@H]32/C/4=N\N[C@H]5c6c(O)[nH]c(O)c6CC=C5.C3(N)=O.C4CC(O)=O
O=C(O)c1cc2c3c4ccc2cc1.c54c(O)cc3.N/65CCCO.C\6=C\C(=O)/C=C\C(=O)C=O
Clc1ccc2-c3c[nH]c4cc5c(O)cccc5c(O)c43.c26ccccc61
O=C(O)c1c2C(O)=O.c2cc3c1.C3(=O)NC(=O)CCC
O=C(O)c1cc2cc3cccc4c3cc2c5c1.C4C.[C@H]5(O)C=C
O=C(N)Cc1[n]c2[n]c3c1CC=C[C@H]3O.N2c4ccc(N)cc4
Clc1c2cc3c4c1.O4C.C3(=O)Nc5ccccc5.N2C(=O)[C@H](C)C=O
[S@]1(=O)(=O)c2ccc[s]2.O1CCc1cc2c3c4ccc2cc1.c3ccc4
O=C(O)/C/1=C\2/CCC=CC/2.[C@@H]3\1c4c5[C@H]6c7c8c9ccc7.c5ccc4.O8C(C)=O.C3C6.C9O
O=C(O)CCc1cc2c3cc4cc2cc1.O3c5c(C)c(N)cc6c5.O6C.C4OC=O
O=C(O)c1cc2cccc3c2c(O)c1C(=O)NC(=O)/C=C/C=C\4/C(O)=O.C3(O)=O.C/4(O)=O
O=C1/C/2=C(\C)/C=C\[C@@H]3C(=O)CO.N1[C@@H]4C(=O)OCCCOC.C2[C@](C)(C)O.N3CC(O)=O.C4CC
BrC(=C)C(=O)c1c2[C@H]3C(O)=O.c1c(Cl)c4c2C.O4CC.c53c(C)[o]cc5
O=C(O)c1c2-[n]3c(O)c4c5c3.c4cc-6c5.c7-6c(O)c8ccc7.c2ccc1.C8(=O)c9ccc[nH]9
Fc1c2c3c(O)[n]c4c5c3cc1.C2CCCC.C5OC(=O)[C@@H]6C(O)=O.C4(O)=O.C6C
O=C(O)[C@H]1c2c3[C@H](O)C(O)=O.c3cc4c2CC(C)=C1.C4C[C@H]5c6c7cccc6.O7CC5
O=C1c2c3C[C@H](O)N1.c2c4-c5c6[C@H](C)C=C7C/C=C\C.c5c(C)cc6C7.c3c4
O=C(O)c1cc2ccccc2c3c1-c4c(O)c5ccc(O)c(C)c5cc4OC.C3CC(O)=O
O=C(O)CCc1cc2c3cc1.[C@H]42c5c6cccc5C[C@@H](O)C4.C63
O=C(O)c1ccc2[C@H]3CCO.c1c2.O3c4ccc5cc4.N5C=N
O=C(O)c1c2-c3c4-c5ccc(C)cc5.c4c[nH]3.c62c(N)[n]cc7c6c8c1.C7/C=C(/C)\C.C8OC
Clc1c2C(=O)Nc3c4C(O)=O.c1(Cl)cc5c2NC(=O)CCCC(O)=O.O5CCC.c4ccc3
Cl[C@@H]1c2c3C(=O)OC(C)=O.C1=C4[C@@H]5c2ccc3O.[C@H]4(O)c6cc7ccccc7cc6.C5O
FC(F)(F)C(=N)c1c2/C/3=C(\O)/c4c5c6c7c(O)c4.[C@@H]6(O)C=CC5.c81ccc2.C8CC.C7(O)=O.C\3=C
Clc1[n]cc2c(O)c1NC(=O)OC(=O)Nc3cc(O)ccc3.C2C4=CC(=O)C=CC4=O
[S@]1(=O)(=O)c2ccccc2.c31c4c5ccc3.C5(O)=O.C4C(O)=O
O=C1COc2c3C/C=C\CCCN.O1C(=O)CC(=O)NC.c2ccc3
O=C(O)Cc1c2cc3c4c1.O2c5c(O)c6c7cc5.C7CCC6.[C@@H]4(O)CC[C@H]3COC
O=C(O)c1c2[C@H]3CCC(O)=O.C3=CCc2c4c(C)c1.C4[C@@](C)(C)c5cc6ccc5.[C@@H]6(O)C(O)=O
O=C(O)c1c2[C@H](O)C[C@H](C)CC.c32ccc1.[C@@H]3(C)CCC(O)=O
O=C1NCCC.N1C(=O)[C@H](O)[C@@H]2C(=O)NCC(O)=O.c32cc4c(O)c5c3.C4(=O)OC.C5CCCO
Clc1c2-c3[n]c(O)c4C(O)=O.c2c5c(O)c1CCCNC.[nH]43.C5(O)=O
O=C(O)CCc1c2/C=C\c3c[nH]c(O)c3.c1cc(O)c2
ClC(=C)c1c2/C(/C)=C\C\3=C\CO.c1c(O)cc2.C/3(O)=O
Brc1cc2c3C4=NCc5c3c6ccc5C.c72c6O.C4(O)=O.c7c1
O=C(O)c1cc-2c(O)c3c4C(O)=O.c5-2cc(O)[n][o]5.c4ccc31
Clc1c2c(N)c3c(O)c1.O2C[C@@H]4C(O)=O.C4=O.C3(=O)c5c6CC(O)=O.c6ccc5
Brc1c2ccc3c1.O2/C/4=C/C=C.c5\4c6C(O)=O.c5c(O)[nH]6.C3(O)=O
O=C(O)c1cc(O)c2c-3c1.c4-3c(C)cc5cc4.O5C.C2C(O)=O
[s]1c2c3c4ccc(O)c5c41.c2c6cc3.C6c7c(C)cc(C)cc7.O5[C@H]8C(O)=O.C8(O)=O
[S@](O)(=O)(=O)O/C/1=C/c2c(O)ccc(O)c2.c3\1c(O)ccc4c3.C4(O)=O
O=C(O)/C=C/[C@@H]1[C@@H](O)C(=O)NC(=O)CCCCC.c21c(C)cccc2
ClC[C@H]1c2c3c4c5c6ccc4c7cc8cc(C)c72.[C@@H]6(C)NC5.C1CO.C8(O)=O.O3C
O=C(O)c1cc2cc3ccc4c(C)cc(O)cc4c31.C2(O)=O
FC1(F)[C@@H]2C(O)=O.C1CCC.C2/C=C\c1ccccc1
O=C(O)c1cc2cc3ccccc31.[C@]2(C)(C)CCCC
Clc1ccc2-c3c4C(=O)OC(=O)CN.c54ccc6C(O)=O.c57c6C=C.c7(C)c3O.c2c1
O=C1CC(=O)c2c3c4ccccc4cc2OC.O1C(=O)CC.O3C
ClC1=C2[C@H]3c4c5[C@@H](O)N=C3C(F)=C1.c4c6c7c5O.[nH]7c(O)c6.C2OC(=O)CCCCC
O=C(N)c1c(O)c2c3c(O)c1C#N.[C@H]42C5=CC3.C/65=CC=C4.C\6=C(\O)/N=C(/O)\Nc7ccccc7
Clc1cccc2c3C(=O)c4c[o]c5cccc6c54.O6C/C=C/C.c3(O)ccc21
Clc1cccc2c3C(=O)c4c[o]c5cccc6c54.c21ccc3O.O6C/C=C\C
Clc1c2c3c4cc5C(=O)O[P@@](O)(O)=O.c36c5.c1(F)c6.C2COC(=O)Cc7c8CO.c7ccc8.O4C
[S@@](N)(=O)(=O)OC(=O)c1cc2ccc1.C32=C(C)[C@@H](O)[C@@H]4C5=CCc6c4ccc(C)c6.[C@@H]53O
O=C1[C@H]2c3ccc(O)c4cc5c6c7c43.O1CC.C2NC(=O)CC(O)=O.C5=O.C7O.C6C(O)=O
Oc1c2[C@@H]3CC=C4NC(N)=N.N4C3.c52ccc1.[C@H]65C7=CC=CC6.[C@H]7(C)C
O=C(O)c1c(O)c2c3C=C.c42ccc3.c1c4C(O)=O
O=C(O)/C=C/[C@H]1/C(/C)=C\2/[C@H]3[C@@H](O)[C@@H]4C5=C/2.C4c6[n]cccc6.c73c[o]cc7.[C@@H]5(C)CCC.C1(O)=O
O=C(O)c1c2C(=O)COC.c1c3cc2.C\3=C\C(\O)=C\C[C@H]4[C@@H](C)c5ccccc5.C4(O)=O
O=C1c2c(O)cccc2C(O)=O.O1C(=O)CCc1ccccc1
FC1=CCc2c3c4c[n]c2O.C31.C4/C=C\COCC
Oc1cccc2cc(O)cc3c21.C3c4cc(O)ccc4
O=C(O)[C@H](C)[C@@H]1C2=CCc3c1c[n]cc3O.C2CCC
O=C1NC(=O)CC.N1C(=O)c2cc3cc(O)cc4c3cc2.[C@@H]54/C/6=C/CC(O)=O.C5[C@](C)(C)O.C\6(O)=O
O=C1[C@H]2[C@@H]3c4ccc(C)[nH]4.O1C(=O)Cc5cc6ccccc6cc5.C2C[C@H](O)C3
O=C(O)N1C(=O)CC(=O)NCC(O)=O.N21C(=O)CC(O)=O.C2(=O)CC(O)=O
Oc1c(N)c2cc3ccccc31.[C@H]2(O)c4[n]c(N)[n]cc4
O=C1C2=CC(=O)C3=C1.N2c4c5c(O)cc6c(N)cccc64.O5C.N3c7c8CO.c8[n]cc7
O=C(O)/C/1=C/C=C/C=C/Oc2ccccc2.C\1(=O)Nc1c(O)cc2c(O)c1.C2CCC
O=C1CC.O1c2cccc3c4c5ccc32.c4ccc5
O=C(O)c1c2c3cc4c1c5c[nH]4.[C@@H]63C(C)=CC=CC6=CC2.[C@@H]75C(=O)CC(=O)OCC.C7(O)=O
O=C(O)c1c(O)ccc/2c1.C/3\2=C\c4cc5ccc4.C\3O.[C@H]65c7c8CCN6.c8c9cc7C.C9#N
O=C(N)c1cccc2cc(O)c3[C@@](C)(C)O.c43c21.C4[C@@H](C)CC
Clc1c2CC[C@H](O)[C@H]3c4cc5c6cc4.c1cc7c2.O7C.O6C.[S@]5(N)(=O)=O.c83c9C(O)=O.c9ccc8
ClC1=CC(O)=C(N)C2=C(O)Nc3c4c5c6c/7c3.[C@@H]85C(C)=CC6.[C@H]421.O8C.N\7=C(\O)/CO
[o]1c2c3c(O)c(O)cc2c4c1.N54CC.C5/C(/C)=C\C6=C7[C@@H]8CC.C8CC6.O3CC.C7C
Clc1c2COC(=O)Nc3c4CCC(O)=O.c1(C)ccc2.c3c5c6c4.O6C.O5C(=O)CC(O)=O
Brc1cc2ccc1.O2c1cc2cc3c1.[C@@H]3(O)C[C@H](C)O.C2(=O)OC(C)=O
O[C@H]1c2[n]c3c4c5c2[C@@H](C)C=C1.[C@H]65[C@H](O)CC=C(C)C6=CC4.C3/C=C/C#N
O=C(O)c1c2cccc1.N2/C=C/1\C(O)=O.c2\1ccc(C)[nH]2
[s]1cc(C)c2c1.C2CCCCC(=O)OC(=O)C[C@@H]1C(O)=O.N1C(=O)c2cc(F)ccc2
O=C(O)[C@@H]1C(O)=O.c21c(O)c3c4c5c2.[C@@H]63C7=C[C@@H]4COC.C5=C.C7C=CC6
O=C(O)C(=O)c1c2[C@@H](C)c3c[o]cc3C.c1cc(O)c2C[C@H]4C(O)=O.C4(O)=O
O=C(O)c1cccc2cc3c4c-5c[o]c4c21.C3(O)=O.c6-5ccccc6
Clc1c(N)cc2cc1C(=O)OC(=O)[C@@H]3C(O)=O.O2C.C3[C@@H]4C(O)=O.C4C(O)=O
O=C(O)[C@@H]1N2[C@H](O)C[C@@H]3CCCCC3.C1CC.c42c5c6c7cc4.C5CC[C@H]6C.N7CC
[n]1c2c3c4c5c1.C3C=C6[C@H](N)C/C=C/[C@@H](C)C.C62.[C@H]75C8=CC4.C8C=CC7
O=C(O)c1cc2c3/C(/C)=C(\O)/c4ccc5C#N.c62cc7c3.C7(=O)/C/8=C\C.c6c1.[o]54.C\8(O)=O
O=C(O)c1[n]c(O)c2c3c4/C(/N)=C/C(=O)C[C@H](O)C(O)=O.C2O.c31ccc4
Clc1c(O)c2cc3ccccc3c4c2c(Cl)c1.O4CCc5cc6ccc5.O6C
Oc1c2c3c4c(O)c1C.C4CN[C@@H]3C=C5C/C=C\CC.C52
O=C(O)c1c2C(=O)CCC(=O)c3ccccc3.c1ccc2
[S@@]1(=O)(=O)c2cc3c4cc5c6c3COC(=O)CCCCC.[nH]42.O5C.C6CC(O)=O.N1C#N
O=C1c2c(O)[n](C)cc2-c3ccc4cc3.N1c5ccc[nH]5.C4CC(O)=O
Clc1c2c3cc4c5c(C)[n]c(O)c41.C5N.C3C=C(F)C2
Clc1cc2cc(C)c1.[C@@H]32/C=C/4\C(=O)OC(=O)CC(O)=O.N3C(=O)OC(=O)CCC(O)=O.C4CC(C)=C
O=C(O)c1c(O)[n]c(O)c2c1[C@H](O)CCC(=O)OC(=O)[C@@H](C)c3c4CC.c3ccc4.O2C
Clc1c[nH]c2c1ccc3cc4cc5c32.C4[C@@H]6CCF.O6C.C5(O)=O
[S@]1(=O)(=O)c2cccc3ccccc32.C1/C(/O)=N/[C@@H]4c5ccc(O)[n]5C.C4C
Clc1cc2cc(C)c1.N2C(=O)OCCc1c(C)c(O)cc(F)c1
O=C1CC.O1c2cc3cc(O)cc4c3c(C)c2.C4COC
O=C(O)CC(=O)NC1=C2C3=CC4=CCc5ccc(O)c(O)c5[C@@H]41.N3C6=C2.C6CO
O=C(O)c1c(N)c2c3c4c1.[C@H]52c6c7CC=C5.c7ccc6.[nH]4cc3
ClC1=CCc2c3c4cc(F)c2.c31c5cc4.O5C(=O)c6cc7cc8c6.C8CC.C7(N)=O
O=C(O)[C@@H](N)c1ccc(O)c2c3c4ccc21.c3cc5c4C.[C@@H]5(C)C#N
O/C/1=N/C=C\c2c3c4c5-c6ccccc6.c5c2.C4C7=CC3.C1CC.C7O
O/C/1=N\C=C/c2c3c4c5-c6ccccc6.c5c2.C3C=C7CO.C74.C1CC
O=C(O)c1c-2c3c4-c5c(O)cccc5.c4c1.[C@H]3(C)CC(O)=O.c6-2c(O)c7ccccc7cc6O
Clc1ccc2/[N]/3=C(\O)/NC(=O)c4cc5c6ccc7c5.C3C(O)=O.c28c9C(O)=O.c81ccc9.C7(O)=O.[nH]64
Oc1c(O)cc2-c3c(O)[nH]c(O)c3.c41c2.C4NC#N
Fc1c2c3cccc4c3c(O)c1.O2CCCC(F)(F)c5cc6ccc5.C6(O)=O.C4(O)=O
O=C(O)CC(=O)NC(=O)CC(=O)CCC(=O)c1c(O)c(O)cc2c1.C2C=C
O1[C@@H]2CC.c31c4CCCC.c3cc(C)c4.C2CO
O1c2ccccc2.C1c1c2[C@@H](O)[n]3cccc3.c2c4c5c1.O5C.C4/C(/C)=C\C
Clc1c2c3c(O)cc4c(O)cc5c6c4c3c(F)c1.O2c7ccccc7.[o]5c8c6.C8CC(O)=O
O=C1Nc2c(O)c(N)c(O)c3c2.C3c4cc5ccc4.N5CC.O1C(=O)CCCC
O=C(O)c1cc-2ccc1.c3-2c4cc(C)c5c3.O4C.C5O
O[C@H]1c2cc3ccccc3cc2-c4ccccc4.C1CC
Fc1c2c(O)c3[C@]4(O)c5ccc[nH]5.c1c3CCC(=O)OCC.C4=O.N2CC(O)=O
O=C1C(O)=CC(=O)C2=C1.C2(=O)OCc1[n]c(O)c2C(O)=O.[o]21
O=C(O)c1c(O)ccc2c3cc4Oc5cc6ccc5.c21c4.C6(O)=O.O3C
Brc1c2c3cc4ccc[n]c41.c52c6C(=O)OC(=O)CC(O)=O.C5(O)=O.c76c3OC.O7CC
Fc1c2c3ccc1.c2c4C(=O)OC(=O)NC(=O)CCCCC(O)=O.[o]43
FC(=C)/C=C\c1c(O)cccc1[C@@H](O)C[C@H](C)/C=C\C[C@@H]2C(O)=O.C2(O)=O
Clc1c2C(O)=O.c31c(O)c4c2.C4(=O)Nc5c6C(O)=O.c76cc8ccc(Cl)cc85.C7(C)=O.C3CC
O=C/1c2c[nH]c3c2.[C@H]3(O)c4[n]c5c6CC=C7CC(O)=O.[nH]64.C75.C\1=C\[C@H](N)C=O
ClC(=C)S/C(/N)=N/C(=O)/C/1=C/C(/C)=C/CC.c2\1c[n]c(N)c3cc4ccc32.N4C(C)=O
O=C1c2cc(O)cc3c4c5ccc32.c5ccc4.N1C
O=C1N2CCCCC2.N1c1c2C(O)=O.c32ccc1O.[C@@H]3(O)NCC
Oc1[n]c(O)cc-2c1C[C@H](C)c3c4CC.c4c5-c6c[nH]c(O)c6O.c5c3.c7-2cc(O)c(O)cc7
O=C1[C@H]2c3cc(O)ccc3.O1C.C2Cc4cc5ccccc5cc4
O=C/1c2cc3cc4c5[C@@H]6C(=O)CC(O)=O.C76=CCC=CC7.c42ccc5.O3C.N\1=C(/O)\NC
Fc1cccc2cc3c4c5c21.c65c7cc4.C7COC.C3(O)=O.C6[n]8c9ccc8.C9#N
O=C(O)c1c2c3c4cc1.C2C=C5[C@H]3C6=CC=C5.C6=C.O4C
O=C(O)[C@H](C)C/C/1=C(\O)/Cc2cc3c(O)cc2.C3#N.c4\1c5CO.c4(C)c6c7c5.c6c[nH]7
O=C(O)c1cc2ccc1.C2(=N)N/C=C/CC(O)=O
O=C(O)c1c2[C@@H]3C=CCc2ccc1.O3c4cccc5cc6ccc54.C6(O)=O
O=C(C)c1c2c(O)ccc1.N2/C/1=C/[C@@H](C)[C@@H]2C3=CCc4c5[C@H]3CN=C2O.N\1CC.c5c6cc4.O6C
O=C(O)c1c2C(=O)NC(=O)CCCC(O)=O.c1ccc2[C@@H]1C=C(C)C(C)=C1
Cl[C@H]1c2c3-c4cc5ccc4.c61cc7ccc6.O7CC.c82c(O)[nH]3.C8OC.C5(O)=O
O=C(O)/C/1=C/COCC.[C@H]\1(N)c2c3C/C/4=C\5/C(C)=CC=CC/5.c3c6cc2.O6C(=O)CCC.C\4(O)=O
O=C(O)c1cc2c3c(O)c4c5c2cc1.C5C=C6NC.O3CC.C64
Clc1cc2c3cc1.C2CN4[C@@H]5c6cccc7cccc(C)c76.C4(O)=O.C5CCC(O)=O.C3C(O)=O
O(C)[C@]12[C@H]3[C@@H](C)C=CC1.[C@@H]42/C=C\C=C.C4=C[C@H]3[C@H](C)O
O=C(O)c1c2c3cc4c5c6ccc41.c2c[nH]3.C5=CC6
O=C(O)CCCc1cccc2c(O)ccc3c21.[C@@]3(C)(C)[C@H](O)C/N=C/4\NCCCC.N\4OC
O=C(O)c1c2c3ccccc3c(O)c1[C@@H]4C(C)=CCc5c4cccc5.C2CC(O)=O
[n]1c(N)ccc2c1[nH]cc2Nc1cc2c3[C@](C)(C)C.c3c1.C2C
Fc1cc2c3ccc(C)c2cc1.O3C(=O)c4c5c6ccc4.C5C=C7[C@H]6F.O7C
Brc1cc2c3c4c1.[C@H]54C(O)=O.C3C(=O)OCCC.C2(O)=O.C5(=O)OCC(=O)OC(=O)NC
O=C(O)CC/N=C\1/Nc2cc3ccccc3cc2.N/1=C(\N)/N
Clc1c-2c3ccccc3c4c1O.c5-2c6C(O)=O.c6cc7c5.C7(=O)OC.C4C(O)=O
O(C)c1ccc(O)c2c-3c/4ccc21.C\4(/C)=C/Cc5ccc[nH]5.c6-3c7c8ccc6.C7C=CC8
Cl/C/1=C\C(=O)CCOC(=O)Oc2ccccc2.S\1CC
O=C1[C@H]2c3c4ccc(O)c3CC(C)=C2.O4C.N1CC(O)=O
Clc1cc2cc3ccc4[C@@H]5c6c7cc8cc6.C5C.c31c4.O7C(C)=O.[C@H]2(O)CC.C8COCCC(O)=O
Fc1ccc2c3cc4c5CC.c31c5.C4CC.C2#N
O=C1C[C@@H](C)C.O1/C/2=C/c3cc(O)c(C)cc3.c4\2cc5cc6c7c(O)[n]c(O)c64.C7C.O5C
O=C(O)c1cccc2c3ccc4c21.C3N5C(=O)CO.c65cc(O)cc7ccccc76.O4C(=C)CC
O=C(C)N1c2cc3c4cc2.c4c[nH]3.C1c5c(O)cc6cc5C.O6C
Cl[C@H]1c2c3[C@H](Cl)c4c[n]c(N)[n]c41.c2ccc3C(O)=O
O=C(O)[C@@H]1c2c(O)cc(C)c3c2[C@H](C)O.O3C.C1[C@H](C)CCC
Brc1ccc2C(=O)C(=O)CC(=O)NC(=O)Nc3c4cccc3.c2c1.N\4=C\NC
O=C1c2cccc3c4-[n]5cccc5.c4ccc32.N1CC(O)=O
ClC1=CC2=CC3=C[C@H](O)c4c5[C@@H]31.[n]5c(O)c6c(O)ccc(O)c64.O2C
Clc1c2[n]3c(O)c1.C2CC.C3c4c(O)c5c6ccc(N)c5c7c4OC.[S@]7(N)(=O)=O.O6C
Clc1c(O)cc2c3c1[C@](C)(C)C.c-43c[o]2.c5-4c6cc7cc5.O6C(C)=O.O7C
Clc1ccc2C(O)=O.c31cc4c(F)cc23.C4CCC(O)=O
O=C(O)CCCCCO[C@@H](C)c1c2[C@H](C)O.c2cc3c1CC=CC3
O=C1c2c3[C@H]4C(O)=O.c53c(O)c6c2CC(O)=CC6.O1CC.C5C7=C4.c87c9C(O)=O.[o]8c(C)[n]9
O=C(C)OCc1cc2c(O)c3cc(O)c2c4c5c6c(O)c7c41.C3=O.[nH]5cc6.O7CCCC
O=C(O)/C/1=C\c2c3cccc2.O3C.C1Cc4c5CC=C.c4ccc5
Oc1c2[C@H]3CNCC.c42c5c(O)c1CC.C5CC.[C@@H]64CC[C@@](C)(C)C.C3=C6
O=C(O)c1ccc2-c3c4c5c6[C@H](C)C=C7OC.c6c3.C75.c2c1.C4CCCC(O)=O
O=C1N2C(=O)CO.C2(=O)c3ccccc3.N1/C(/O)=N/CCC(O)=O
Clc1cccc2c(O)cc3COC4=C(Cl)CCC5=C6[C@@H](O)c7c(C)ccc(O)c7[C@@H]54.C6C(O)=O.c21c3
Ic1cc2ccc1.C2[C@]12C(O)=O.c32cc(F)cc4c(O)cccc43.C1C[C@@H](C)C
O=C(O)c1cc2c3c4ccc2c5c1.O5CC(O)=O.O3C.O4C
O=C(O)[C@@H]1c2c3[C@H]4C5=C1.C5=CC(C)=C4CC.c2c6c7c3O.C7CCN6
O=C1C[C@@H]2c3c4c5ccc6OC.O1CC.c6c5c(O)c3O.C2=C(C)C4
O=C(O)c1c2-c3c4C(=O)CC(O)=O.c3(O)ccc4C(N)=O.c2cc5c1.O5C
O=C(O)c1c2-c3c(O)[n]cc4c3[C@@H]5C=C(O)C4.c61cc(N)ccc6cc2.O5C[C@@](C)(C)OC
O=C1c2c(C)c-3cc4c2.c5-3c6/C/7=C/OC.C\7(=O)CC(N)=O.C4OC(=O)CC.[o]5[n]c6C.O1C
O=C1c2cc3c(O)cccc3cc2NC(N)=N.N1C(=O)CC(O)=O
[S@@](O)(=O)(=O)NC(=O)OC(=O)/C/1=C(/C)\O.c2\1cc/3c4C(O)=O.C\3=C\5/Cc6ccccc6.C/5#N.c4c2
O=C(N)[C@@H](C)c1c2CCO.c2cc3c1.C3CCOC
O=C(O)c1cc2cccc-3c2c(C)c1.c4-3[n]c(N)[n]c5c4[C@H](C)c6ccc[nH]6.N5CC(O)=O
O=C(O)c1cc2cc3ccc2c(O)c1C(=O)Nc4c5C(O)=O.c65c7cccc6.[nH]74.C3(O)=O
O=C1c2c3C[n]4c(C)cc(C)[n]4.c52c6COC(C)=O.c71c8c(C)c[o]c8cc(C)c7.c6ccc5[o]3
O=C(O)CCC[C@@H]1C(O)=C[C@@H](O)c2c1c3ccccc3cc2
O=C1C[C@H]2/C=C/CCCC.O1c3ccccc3.O2C
O=C1NCC.O1c2cccc3c(O)c4ccc(O)cc4c(O)c32
Clc1cc2ccc1.O2C(=O)CC(=O)OC(=O)c1cc2ccccc2cc1C
O=C1CCCc2c(O)c3c4[C@@H]5C6=CC3.N1C#N.c4c2.N6C=C5
[S@]1(=O)(=O)c2cc3cc(O)c2.O3C.N1CC(=O)[C@H]4C(=O)Nc5cc6ccccc6cc5.C4(=O)OCCCC
Fc1c2CCNC(=O)OC(=O)[C@@H]3c4c(O)[n]c(O)c5c4CC=C3.C5(O)=O.c1c6cc2.C6CCC(O)=O
O=C(O)CCc1cc2c3c4ccc(O)cc4cc2cc1.C3C
O=C1c2[n]c(C)[n]cc2C(=O)c3c(N)[nH]c(C)c3.O1c4cc5cc6c(O)cc(N)cc64.C5CC
O=C(O)C/N=C(/O)\c1c2CC.c1c(C)c3c2.C3C
O=C(O)C/N=C(\O)/c1c2CC.c2c3c(C)c1.C3C
O=C(O)c1cc2cc3ccc4c5c3c(O)c2[nH]1.c5ccc4
O=C(N)c1c2[C@@H]3C4=C(O)Cc2c5cc1.C5C.C3C(O)=O.N4C(=O)/C=C\6/C(O)=O.C6CC
O=Cc1c2[C@H]3[C@@H](O)C=CCC3=C[C@@H]4c2c5cc1.O5C.C4O
O1CCCC.C1Cc2c(O)cc(O)c3cccc(O)c32
Clc1cc2cc3cc4c5c6c3cc2cc1.C4C(O)=O.[n]5c(N)[o]6
[S@]1(=O)(=O)c2c3-c4cc(O)cc5c4.C5(O)=O.c2ccc3.N1C(=O)[C@H](N)C(=O)c6c7CC.c6c8C(O)=O.[nH]87
O=C1NCC.O1Cc2cc(O)c3-c4[n]c5ccccc5c6c4.[o]32.C6(O)=O
Fc1ccc2C(=O)N[C@@H]3c4c5[C@@H](O)C=C3O.c2c1.c5cc6c4.C6(O)=O
Fc1c2c3cc4c(O)c5c6c-7c41.c6c[nH]5.N2C.C3(O)=O.c8-7c9C(F)(F)c%10ccccc%10.c9c[o]8
ClC1=C[C@@H]2c3c4c5ccccc5c(O)c3.[C@H]41[C@@H](N)C(O)=O.N2C(=O)NC(=O)CC
O=C1c2c3C(=O)c4c[n]c[nH]4.c3(O)ccc2.O1CC
O=C1c2c3ccc/4c2.C\4(/C)=C\C=C.N1c5[n]c6c7cc8c(O)c6C(=O)CO.[nH]75.[C@@H]8(O)NC.O3C
O=C1C[C@@H]2c3c4c5ccc3.O1CC.[C@@H]/65CCOC.C\6=C(/C)\C=C\C.C4C=C2
O=C(C)OCCCc1cc-2cc3ccc(O)cc31.c4-2ccccc4
Cl[C@@H]1[C@H]2C[C@H]3C4=C/5C6=C3.C\5=C/CC(O)=O.C41.O2CCC(=O)Oc7c8C(O)=O.c8ccc7.c96c[o]cc9
O=C(O)c1cccc2c3c4cc5c21.[C@@H]63/C/7=C(/C)\c8ccccc8.C\7(O)=O.C6=C.O5C.C4C(O)=O
Clc1c2cc3C(=O)NCC(=O)NC(N)=O.c1c3.N2/C=C(/O)\C(O)=O
O=C(O)/C=C\Oc1cc2c3cc1.C3C=C4[C@@H]2C=CC=C4
O=C1NC(=O)c2cccc3c(N)cccc32.O1C(=O)CC(=O)CC
O=C1c2ccccc2.N31C(C)=O.C3(=O)CC[C@H](O)[C@H]4C(O)=O.C4CCOc5c6c7ccc5.c6c[nH]7
O=C(O)CCCO[C@H]1CCc2c3[nH]cc2/C(/O)=C\c4ccccc4.C31
O=C1[C@@H](N)CCC(O)=O.O1c2cc3ccc2.O3C
Clc1c2C(=O)CC.c1(C)c3cc2OC.N3CC(N)=O
O=C(O)c1c2/C(/C)=C\[C@@H]3[C@H]4[C@H]5C(=O)CC(N)=O.c1c(O)cc2.C5[C@H](O)C[C@@H]4O.C3C(O)=O
Cl[C@H]1c2c3c/4ccc2C.C\4=C/N=C(\O)/CC.C1C=C3
Oc1c2[C@@H](O)C[C@H](O)Cc2c(C)c3c1[C@H](C)C[C@H](C)C3
O=C1NCc2ccccc2.N1c1c2C(C)=O.c31ccc4C(O)=O.c53c4CC(O)=O.c62c5.C6(C)=O
Fc1ccc2c3cc4ccc31.C2CNC(=O)NC(=O)C/C/5=C\OC.C5CC.[C@H]4(C)C
O=C1COc2c(C)cc3cc2.O3c4[n]c(N)ccc4.N1C=O
O=C1c2cc3c4c5c2.c65c7[o]4.O3C.c7ccc6.O1CC
FC(=C)/C=C/CC1=C2CC=O.C1c3c4cc(O)c(N)c3O.C42
Cl/C/1=C\2/c3cc4ccc3.c5\1cc(O)cc6c5.C6(O)=O.[C@]4(C)(C)C.N7/2[C@@](C)(C)CCCC.C7(N)=O
O=C(O)c1c2/C=C\c3cc4c5cc3.c2ccc1.[C@H]4(C)O.N5C(=O)C(O)=O
O=C1c2cc3cc4c5CCC.c5c3c6c2.C4CC(O)=O.C6CC.O1C(=O)CCCC(=O)OC
Clc1c2c3c4[C@@H](C)C.c51cc(O)c6c(O)c45.c2ccc3.C6#N
Clc1cc2c3cc1.O2[C@@H]4c5c6[C@@H]7[C@@H](C)O.c78c4ccc(C)c8.[o]5cc6O.O3CCC
Clc1cc2c3c4ccc2.O4c5ccc6c7c(O)cc8OC.c8c75.[nH]31.O6C
[n]1-2c3c4c5c1.c6-2c7c8c9cc6.C73.c9c[nH]8.C4C=C%10CC.C%105
Brc1c2[C@@H](C)C.[nH]1cc2[C@H](C)c1ccc2cc1.O2C
O=C1c2c(C)c3c(O)cc2.N1CC(O)=O.C3/N=C(\O)/N/C(/O)=C/C(O)=O
O=C(O)CCc1c2ccc3cc4ccc31.C4(=O)CC.N2CCCCC(O)=O
Clc1cc2cc3ccccc31.[C@]2(C)(C)Cc4ccc(N)cc4
[S@@]/1(=O)(=O)c2c(O)c3c4c(C)ccc3cc2.C4C(O)=O.C\1=C(\O)/N[C@@H]5CCC[C@H]6C(O)=O.C65
Clc1ccc2c3cc4cc5c31.O4c6c7[S@@](O)(=O)=O.c7c(Cl)cc6.O2C.O5CCCC(O)=O
Fc1c2c(O)c3cc1.C2C(=O)CNC(=O)c4ccccc4.N3/C=C/C(=O)OCC
Clc1cc2c3c4c1.C3(=O)CCC(O)=O.N2/C=C\C=C.C4(C)=O
Brc1cc2c3ccc(C)c2c(C)c1.O3C[C@@](C)(C)CCOC
ClC(Cl)(Cl)CCc1cc2ccc3c(O)c2cc1.O3c4c5C(F)(F)F.c4ccc5
Oc1c2c3cc(C)c4c5c3cc1CO.c4ccc5.C2CO
ClC(Cl)Cc1c2c3cc(O)c1.C2C=C[C@H]3Oc4c5cccc4.O5C
Clc1c2c3c4cc[n]c3cc1C(O)=O.O2C.O4C
O=C(O)c1c[nH]c2c1cc3cc2OC.O3c4ccc(O)c5c6[C@@H](C)C.c6cc/7c54.C\7=C\C
Brc1cccc2c3C(=O)CC(=O)OCCc4cc(F)c5cc4.c3c6C(O)=O.c6c21.C5COC
O=C(O)CC(=O)c1c2C(C)=O.c2c(N)c-3c1.c4-3c5c6[n]cc4.C5C.C6C
Ic1c(Cl)ccc/2c1.C/3\2=C/OC.C\3(=O)OC(=O)CCCCCC
O=C1NC2=C[C@H]3c4c5C(O)=O.c46cc7cc(C)ccc75.C62.O1C(=O)[C@H](C)C(O)=O.O3C
O=C(O)/C/1=C(/C)\C(O)=O.C\1(=O)c2c3c4ccc2.C3C5=C6[C@@H]7C=CC5.[C@H]64C(O)=O.O7C
Clc1c(O)c2cc3c1.O2C.O3CC(=O)OC(=O)NCc4c(F)c(O)ccc4
O=C1N[C@@H]/2C[C@@]34C(O)=O.C4C(O)=O.O1Cc5c(O)cc6cc5.C6CCCC.C\2=C/C(O)=O.C3/C=C\C
S1CC(O)=O.C1c2c3N/4C[C@@](C)(C)C.C\4=C(\C)/c5cc6ccc(O)cc6cc5.c2ccc3
[s]1c2c3cc1.c3c4-c5c(O)c6c7CC.c86c(O)cc7.c4c2.c8c5
O=C(O)[C@@H](C)c1c2c3c(O)c4cccc(C)c41.C2O.C3O
O=C(O)c1c2CC.c1c3c4c2.c54c[o]3.C5c6c(O)cc7c8c6.C8(=O)/C=C/C(O)=O.C7OC
O=C1CC(=O)c2cc(C)cc3cccc(C)c32.O1CCC(=O)OCC
O=C(O)[C@@H]1c2c(O)c3c4[C@H](O)N=C[C@H]5c4c6CCC(O)=O.c6c3cc2[C@H](O)C=C1.O5C
O=C(O)c1ccc2C(=O)CC[C@@H](C)c3cc(C)ccc3.[n]21CC(=O)[C@H](N)CCC(O)=O
Fc1c(N)[n]c(C)c2c(O)cc3NC(=C)O.c21c3
Clc1c(C)[s]c-2c1.c3-2cc-4c(C)c-5c3.c6-5cc7c8c9c6.[C@@H]7(O)C=CC8.C9O.[n]%10-4ccc(C)c%10
Clc1cccc2c(F)c-3cc4c21.O4C.c5-3c6[C@@H]7C(O)=O.C7(O)=O.c5c(O)c8c6.C8(=O)OC(C)=O
Cl[C@H](C)c1c[nH]cc1[C@@H]2C3=CC4=CC2.C4[C@H]5[C@H](O)C(O)=O.[C@]3(C)(C)C.C5(O)=O
O=C(O)[C@@H](O)c1c2c3c4c5c1.[o]5c6c4cccc6.c2c(C)[nH]3
Cl[C@H]1[C@H](O)[C@H]2[C@@H]3c4c1cccc4C(O)=O.C2=CC=C3
O=C1NC(=O)Nc2c(O)[nH]c3cccc4c32.O4C(=O)CN.O1C=O
O=C(O)CCc1c2c3ccc1.C2C4=CC3.O4Cc5ccc[nH]5
O=C(O)/C=C/Oc1cc2cc3c4c5ccc3cc2cc1.c5cc/6c4.C\6=C\C=C
Brc1c(O)[n]-2c3[n]1.C3C.c4-2c5c6c7c8ccc9C(O)=O.c%106ccc5.C%10(C)=O.c84c9.O7C
O=C(O)c1c2c3cc4c(O)cc(O)cc41.C3O.C2C=C
Clc1ccc2C(=O)NC(=O)C[C@H](O)[C@@H](C)CC.c23ccc4c5c31.O5C.O4C
Fc1c2c3cc(F)c1.[nH]2c4c3c(O)c5c6c4-c7[n]c8c9CC=C%10CCC.C%108.[nH]97.c6c[nH]5
O=C(O)c1c2[C@@H]3C4=C5[C@](C)(C)C.C4=CC=C3.c1ccc2C5
Clc1c(F)c-2ccc1.c3-2cc4cc5c3.N5C=O.O4C
O=C1NC.O1C(=O)COc2cccc3ccc(C)cc32
Fc1ccc2cc1.C2[C@H]1c2c3CCC1.c3cc(O)c2CC
Clc1c2-c3c(Cl)[n]c4CCC.c51cc6c2[o][n]c6.O5C.[nH]43
O=C(O)c1c2[C@@]3(O)c4ccccc4.C3CC.c1(C)cc-5c2O.c6-5c(O)cc7c8c6.C7CCC8
O=C(O)c1cc2c3c4c(O)cc2c(O)c1.C4C.C3C
O=C(O)c1c2Cc3cc4ccc3.C4(O)=O.c1cc5c2.C5(O)=O
Cl/C/1=C/[C@H](C)CCC.c2\1c3[C@](C)(C)C.c3c4C(O)=O.c4c2C
O=C(O)/C=C/C=C/1\[C@H](O)C(O)=O.C\1(/O)=C\c2cc(C)ccc2
O=C(O)c1c2-c3c(O)cc(O)cc3O.c2ccc1
O=C(O)C/C/1=C\2/C[C@@H]3[C@H]4[C@H](O)CC=C(C)C4.C1c5c(N)ccc(C)c5.C/2=C\CC(O)=O.C3N
ClC1=C[C@H]2C3=C[C@H]4c5cc6c(O)[n]c(O)c(O)c6cc52.C1(O)=C3.C4N
Ic1cc2c3CC(O)=O.c3c(O)cc2cc1COC(=O)Cc4c(C)[nH]cc4
O=C(O)c1c2N3[C@H]4c5c6[C@@H]3O.c6ccc5CC=C4.c1c[nH]2
O=C(O)c1cc2c3c4c5NC(N)=NC4.c26c5.c71cc(O)[n]c(O)c67.C3C
O=C(O)c1c2c(O)cc(O)c1.N2c1c2[C@H]3C4=C[C@H](C)c2ccc1.C3CC(O)=O.C4NC(=O)CC
O=C(O)c1c2c3c(O)cc1.C2CN/C(/O)=C/C(=O)OC(=O)c4cc5c6cccc5.[nH]64.[C@@H]3(C)O
O=C1c2c3[C@H]4C(=O)NC(C)=O.O1C(=O)CN.C4=C[C@H](O)c3cc(O)c2
Clc1c(O)c2c3c(O)ccc2c4c1.N3C(=O)NC.C4(=O)CC(=O)OC(=O)CCC#N
O=C(O)[C@@H]1C2=C(O)Cc3c4[C@H]2CC=C1.c3c(C)cc4
O=C(O)c1c2[C@@H](C)C.c1cc3c2[C@H]4C5=CC=C6[C@](C)(C)CCCCC.C64.C3C.C5CC
O=C(O)C(=C)/C=C\c1cc(O)cc2c1.C2CC(O)=O
Clc1cc2c3cc1.C2C(O)=O.C3C[S@@](=O)(=O)OC(=O)c4cc5ccc(O)c(O)c5c(F)c4
O=C1C2=CC(=O)C=C1c3c(O)cc(O)cc3CC.C2C(O)=O
O=Cc1cc2c3c4ccccc4c5c2.C5C[C@@H](O)CC.[o]31
Oc1c(O)c2c3CC=C4[C@H]2C5=Cc6ccc7c8cccc9c86.[C@H]95[C@@H](O)C4.C7O.[nH]31
[s]1c2c[n]c1.C2CC[C@@](C)(C)c1c(O)c2c3-c4cc5ccc4.C5(O)=O.c3(O)ccc2cc1
O=C(O)c1cc(O)c2C(=O)NC(=O)/C=C/Cc3ccc4C(O)=O.c4c3.c2c1
O=C(O)[C@H]1[C@@](C)(C)C.[n]21c3c4c5c2cccc5.C3C=CC4
O=C1Cc2c3c(O)c4cc2.C3C(C)=O.O4c5ccc6cc5.C6C.O1C(C)=O
[S@](O)(=O)(=O)N1c2cc(O)cc3c2.[C@@]3(C)(O)C/C=C(/C)\C.C1Cc4c5C(O)=O.c4ccc5
O=C(O)[C@@H]1CCCC.N1c2c3c4c5c(O)ccc4cc2O.O3C.O5CCCC
ClC[C@](O)(O)C1=CCc2c3[C@@H]1CCC(O)=O.c3ccc2
Cl/C/1=C(\Cl)/c2cc3c4CC.[nH]42.[C@]3(C)(C)C.c5\1c6c(C)ccc5.C6C
O=C(O)Cc1ccc2-c3c4c5cc6c3.c27c8c(O)ccc71.C48.[C@H]6(C)CC.N5(C)C
O=C(O)c1cc2c3[C@@H](O)C[C@@H]4CCCCC4.c53c(C)cc2cc1.C5=O
O=C(O)Cc1cc-2ccc1.c3-2cc-4ccc3.c5-4[n]c(N)cc(O)c5
O=C1c2c3C(O)=O.O1C(=O)[C@@H](N)C(O)=O.c42c(O)cc3.C4c5ccccc5
Fc1cccc2cccc-3c21.c4-3c5c(O)[n]c6c7cccc64.C5#N.N\7=C/C/C/8=C/C(O)=O.C\8(O)=O
O=C(O)/C=C/N/C(/O)=C/C(=O)c1cc2c3c4c5cccc4.c3c1.[o]52
O=C(O)c1cc2ccc3c4c2cc1O.[C@H]54[C@@H]6[C@H](O)C(O)=O.C5O.C6(=O)C(O)=O.C3COC
Clc1cc2cc3[n]ccc-4c31.[n]5-4c(C)c(O)cc5O.O2C
O=C(O)CC[C@@H](O)[C@H]1[C@H]2[C@@H]3[C@H]4[C@H](O)C=CC3.C2N.[C@H]51[C@@H]4CC=CC5
O=C1c2c(O)cccc2.O1Cc1cc2cc3c1.C2(O)=O.C3(=O)CC(O)=O
Fc1cc-2c3C(O)=O.c3c1.c4-2ccc5-c6c7c8[n]cc6.c5c4.C7C=CC8
Fc1c(O)c2c(C)ccc3c2cc1.C3[C@H](O)CCC(O)=O
O=C/1C2=CC(=O)C(=O)\C\1=C/3\c4cc5c(O)c6cc(O)ccc64.C5CC#N.C2(O)=O.O\3C
Clc1c2NC(=O)N[S@](=O)(=O)c3ccccc3.[n]1c(C)[o]2
Clc1c-2c(C)cc3c1.C3(O)=O.c4-2cc(O)cc5c4.C5(O)=O
FC(F)(F)CC(=O)CO/C/1=C(\C)/[C@H]2CC(O)=O.O2CCC.C\1=C/CCCCC(=O)OC(=O)OC
O=C(O)c1cc2cc3c4c5c2c6c1.[C@@H]6(O)C=C5.C4C7=CC3.C7C(=C)C(O)=O
O=C(O)c1cc2c3cc1.c42c[o]3.[C@@H]54CCCC.C5C(=O)OC(=O)Cc6c(O)cccc6
[S@](O)(=O)(=O)c1cc-2ccc1.c3-2c4CC(=O)OC(=O)[C@H](N)C(O)=O.c3ccc4
O=C(O)/C=C/1\COC.N\1c2c3[C@@](C)(C)O.c2cc4c3.[C@H]4(C)/C/5=C\CO.C\5=O
Fc1c(O)cc2c(O)c1COC(C)=O.C2c1[n]c(C)c2C(O)=O.[nH]21
Fc1c2c3ccc1.O2c4c(C)cccc4.C3(O)=O
Ic1ccc2[C@@](C)(C)c3ccc4C(O)=O.c1c2.c4c3
O=C(O)c1c(O)ccc2c1Cc3c4[n]ccc3.C42
O=C1N2C3=CN1.C2CCC.c43ccc(O)c5cc6ccc7C(O)=O.c7c6c(O)c54
Clc1cc2cc3c(O)cc4[C@@H]5C(O)=O.c31c4.C5(O)=O.O2[C@@](C)(C)C
Clc1c2CCCC(=O)OCCCCC.c31cc(O)c2.C3C
O=C(O)/C/1=C\C=C/C(/C)=C/C(O)=O.C\1(=O)c2cc3c4COC.c35c(O)c6c4.C6C(O)=O.c2c5O
Clc1c(O)cc2cc1.C2C(=O)OC(=O)[C@@](C)(C)c1c(O)ccc2c1.C2(O)=O
O=C1c2cc3ccccc3cc2.N41c5cc(O)c6c7c5.c6c[nH]7.C4CC(=O)OCCC
O=C(O)CC(=O)c1cc2cc-3ccc2c(O)c1.c4-3c(O)c(O)cc5c4CC/6=CC5.C\6=C\C=C
O=C(O)c1c2-c3c4CC(O)=O.c3ccc4.c1cc5c6c7ccc52.[nH]6cc7CCO
Clc1c(Cl)c-2c(O)c(Cl)c1OCC.c3-2cc(O)cc4c3.C4C
[o]1c/2ccc1.C\2=C\c1cc(O)c(C)c2c1.[C@H]2(C)O
FC1=C[C@H](O)c2c3c(O)ccc2COCCC.[C@@H]31C(O)=O
Clc1c2C(=O)NC(=O)NC(C)=O.c32c4c(O)c1.O3C.C4[C@@H]5c6c[nH]c7c6[C@@H]8C=C5.C7O.O8CC=C
O=C(O)c1c2ccc3c1CC=C/4[C@H]3COC.C\4=C\C.O2CC
O=C(O)c1c2c(C)c3cc1O.N2CC[C@H](O)c4ccccc4.C3CCNC(=O)[C@@H](O)C(O)=O
O=C1[C@H]2[C@@H](C)CCC.N1C(=O)Cc3ccccc3.N2C
[nH]1c2c3c4ccc5c6c41.c5c7CC.[nH]76.c2cc8c3CC.C8C
O=C1Nc2c3C(=O)OC(=O)[C@@H](O)C(O)=O.c2(O)ccc3O.O1CCc4ccccc4
O=C(O)C1=C2C=C3\C\4=C/5\Cc6cc7c8[C@@H]9C=CC7.O9CC.C/41.c6c8.C3CC(O)=O.O2C.O\5CCC
[S@@](O)(=O)(=O)Nc1c2C/C/3=C(\C)/O.C\3#N.c1c4c5c2.C4C=C[C@@H]5C
O=C1c2cccc3c4cc5c6c32.O4C.C6CC(O)=O.C5C(O)=O.O1C
[s]1c(C)cc2c1.C2[n]1c2ccc1O.[C@H]32[C@@H]4Cc5ccccc5.c63ccccc6.N4C(=O)COC
O=C(O)/C/1=C\C=C(\O)/C=C\2/CC(O)=O.C1CO.C2c1cc2ccc1.C2CCC(O)=O
O=C(O)c1c2CC/C=C\Cc3cc4ccc3.c1c(C)[nH]2.C4COC(=O)CC
O1[C@H]2[C@H](C)Cc3c4c(C)c(O)[n]c3O.[C@@H]42O.C1C
[S@]1(=O)(=O)c2cc3c(N)cccc3c4c2.N1c5c(F)cc6cc5C(O)=O.C6OCC.C4(O)=O
[S@](O)(=O)(=O)c1cc2c3C(=O)OC(=O)CC(=O)CC(O)=O.c3ccc2c4c1.C4(O)=O
Oc1[n]c2c3[C@@H]4C5=CCc3c6CC.c6c2c(O)[n]1.C5=C7c8c4cccc8.C7O
O=C(O)c1c2/C(/O)=C\3/C(/C)=C/[C@H](C)CC.C/3C.c1(O)cc4c5c6ccc42.c6cc[n]5
Fc1c2c3ccc1.C2[C@H]4C(O)=O.c54c(C)c6c7cccc6cc5CC.O7C.C3(O)=O
Brc1c(C)ccc2c(C)[n]3-c4c5c(C)c[o]c5ccc4.c21c3
O=C(O)c1c2ccc3c1.C3#N.N\2=C(/O)\C/N=C(/O)\CC(=O)c4c(O)cc5cc4.O5C
Clc1c2c3cc4c(C)ccc5c41.O2Cc6c7C(O)=O.c7(F)ccc6.O3C.[S@@]5(=O)(=O)NC
O=C(O)c1cc2cc3ccc2c4c(C)c5c6[C@@H]7C=C[C@@H]5C(O)=O.c41c6C.O7C.C3OC
ClC1=C[C@@H](O)C[C@@H]2C1=CC[C@H]3c4c5CCO.c5cc6c4.C6=O.C32
[S@H](=O)(=O)[C@H]1C(=O)c2c(O)ccc3c2.O3C.O1c4ccccc4
O=C(O)c1cc2c3CN(C)C.c1(O)cc2c(O)c4c3.[C@]4(C)(C)CCCCC
Clc1c2c3c4c5[n][nH]3.c61c4.O2C.O6c7cc8cc(C)ccc8c(Cl)c7.O5C
ClCCc1c2[C@@H]3C4=CC(=O)c2cc5c1.C4(N)=O.C3=C.O5C
O=C1NCC.O1c2c3[C@H]4C(O)=O.c2c(O)c5c3[C@H]6C7=C4.C87=CC9=C6.C9(O)=O.N8C=O.C5(O)=O
[S@@](O)(=O)(=O)Nc1c2CC(F)(F)Cc3ccc(C)cc3.c1ccc2
O=C(O)c1cc2ccc3c4c5CC(O)=N[C@@H]4O.c1(N)c6c2c3[nH]5.N6(C)C
O(C)c1cc2cccc-3c2c(O)c1.c4-3cc5c6Nc7ccccc7.C5O.[nH]64
O=C(O)c1cc-2ccc1.c3-2c(O)c4cc5c3.[C@@H]64C/C=C/C(O)=O.C6OC.C5C(O)=O
O=C(O)c1c(O)[nH]c2cccc-3c21.c4-3cc(O)cc(C)c4
Fc1cc2cc3cc4c2c5c1.C5C.O4C=C.N63C(=O)CC(=O)N=C6O
O1c2c3c4ccc2.C1Cc5cc6ccc5.C6C.C3C=CC4
Cl[C@H]1c2c3c(C)cc4c2.C4/C/5=C\OC(=O)[C@@H]6CCCC(O)=O.N6[S@](O)(=O)=O.C1=C7C3.C7C.C\5(O)=O
Fc1ccc2cc1.N2CCCOc1ccccc1
Br/C/1=C/2\C(=O)C=C3C(=O)C\2.C\1(=O)c4cc5cccc(C)c5cc4.C3(O)=O
Fc1cc(O)c2c-3c1.c4-3cc5ccc4.C5CC(O)=O.C2#N
O1[C@@H]2CC[C@@H]3c4ccccc4.[C@@H]35OC.C52.[C@@H]61c7c8CC(O)=C6.c8ccc7
O1c2cc(O)c3cc2.C3c4c(C)ccc5cc6cc[n]cc6c7c54.C7[C@@H]8C=C.O8C.C1CC
O1[C@H]/2c3cc4ccc3.C\2=C\C.C4O.c51ccccc5
O=C(O)C1=Cc2c3[C@H]4c5c6[nH]cc5[C@@H](O)CC.[nH]2cc3.C6C(C)=C41
O=C(O)c1cc-2c3Cc4[n]c(O)ccc4.[nH]31.c5-2c6c7c(O)[nH]5.[C@@H]7(O)C=C8OC.C86
O=C(O)c1c2-c3ccc4C(=O)NC(=O)c5ccccc5.c2cc6c1.C6(O)=O.c4c3
O=C1Nc2c3CO.c3cc4c5C(O)=O.c5ccc42.O1/N=C(/N)\N
Clc1c2[S@](=O)(=O)c3cc4ccc(F)cc4cc3O.c1ccc2
O=C(O)[C@@H]1c2cc3cc4ccccc4cc3cc2[C@H](C)CC=C.C1C
O=C(O)c1c(O)cc(O)c2c1[C@@H]3C4=CC2.[C@@H]54C=CC3.O5[C@H]6C(O)=O.C6(O)=O
Clc1c(F)ccc2c3c4c[n]c21.c3cc(F)c4C(O)=O
O=C(O)c1c2c(C)cc3c1.[C@H]43C(=O)NC(=O)[C@](C)(N)C(O)=O.c54c6CC(O)=O.c5ccc6.O2C
Clc1cc(O)c2[C@@H]3[C@@H]4C(=O)OCCc5ccccc5.c26ccccc61.C4CC.C3(O)=O
Oc1cc2c3[C@@](C)(O)CCCCC.[C@]2(C)(C)CCCc4c[n]c(N)cc4.c1c3
[S@](O)(=O)(=O)c1cc2c3-c4c5C(O)=O.c5cc6c4.c3ccc2c7c1.C7CC.C6C
Brc1cc2ccc3c(Cl)c2cc1.C3CC(=O)NC(=O)[C@H]4C(O)=O.c54cc6c[nH]5.C6CN
FC1=CCc2c3c4c5[C@H]6C=C[C@@H]4C(O)=O.c5c2O.C31.O6C
O=C(O)c1c(O)[nH]c-2c1.c3-2c(O)ccc4c(C)cc5c(C)c43.C5C(O)=O
O=C(O)c1c2cccc1CCC.O2C[C@H]1CCCCC1
O=C1c2c3CN.N1C(=O)[C@@H](N)C(O)=O.c2c4cc3.C4c5c6c7ccc5.[nH]6c(O)c7
FC1=C[C@@H](O)c2c3c4cc(O)c5C(=O)OC.c65c4[n]c2O.C6(=O)CC#N.C31
O=C(O)/C=C/[C@H](C)C[C@@H]1C(O)=O.C1c2c(O)[n]c(O)c3c(C)cccc32
O=C(N)c1cccc2c3c4cc(N)c21.O3C.C4C
Ic1c2-c3c[nH]cc3[C@@H]4c5c6c7c8[C@@H](O)C=C[C@H]7O.c1cc(O)c2.c95c8.C4=CC6.C9O
Cl/C/1=C/2\[C@@H](C)c3c4c5ccc3.c6\1c(C)[nH]c(C)c6.C2CCl.O5C.O4C
O=C(O)c1cc2cc3c4c5cc6cc/7c8OC.c59c%10c6c8.C%10O.c2%11c4.c%11c1CCC.C\7=C/C(O)=O.[nH]93
Brc1cc2c(C)[o]1.C2(=O)NC(=O)c1c2ccc3ccccc31.O2c4c(Cl)c5ccc4.C5CCC(O)=O
O=C1c2cc3c4[C@](C)(O)c5c6c7ccc5.c48c2.C8C.O1C(=O)CCCC.c6c9C(O)=O.[o]97.O3CC
O=C(N)c1c2c3c4c5ccc6c(C)cc7cc6c51.C2C=C(C)C3.C4C.N7C
O=C(O)[C@@H]1C(O)=O.c21cc3ccc4C=O.c2cc3c4
O=C(O)Cc1cc2c3c(O)ccc2cc1.N3C
O=C1c2cc3ccc4c5c3c6c7c8ccc62.C5[C@@H]9CC4.C9C(O)=O.N8C=NC7.O1C
F[C@]12C(=O)N[C@H]3C(O)=O.C3c4c5C(O)=O.c5ccc4.C1Cc6c[nH][n]c6.c72c(O)cccc7
O=C1c2c3C(=O)C=C1.c3cc4c2.[C@@H]54[C@@H]6[C@H]7C(=O)OC(=O)CO.C6CCC7.C5C(O)=O
O=C(O)c1c(O)cc2cc1.C\2=C/1\c2c3c4c(C)c5c2.O\1C.c4c[o]3.C5CO
Oc1c2-c3ccccc3.c1(C)c4c5c2.[C@@H]5(O)NCC4
Ic1c(O)c2c3C(=O)CNC(=O)COc4cc(I)cc(Cl)c4.c3ccc2cc1C(O)=O
Oc1c(O)cc(O)cc1N/C(/O)=C\C/C/2=C\C(N)=N.C\2O
ClC1=CC\C\2=C/[C@@H]3c4c5CC=C3.c61c2c7c8C(O)=O.c8c6.c5ccc4.N7C(=O)C(=O)C(O)=O
Clc1c2c(F)c3cc1CC.C2OC.C3c4ccccc4
O=C(O)[C@@H]1C(=O)/C/2=C/C/N=C(/O)\C=C.[C@H]\2(O)c3c4c5ccc3.[nH]5cc4.O1C
Clc1c2C(O)=O.c2(F)c3c4c1[nH]c5c4c6c(F)cc5OC.O6C.O3CCCCC
O=C(O)CCc1cc2cccc3c2cc1.O3c4cc5cc6c4.O6C.O5CCC=C
O=C1c2c3C(=O)NCC.O1C.c2(O)ccc3O[C@@H](N)O
O=C(O)/C/1=C/c2c3C/C=C/C=C.c2ccc3.C\1=C/C(O)=O
Clc1cc2c3CC(O)=O.c1(F)c4c2c5c6c3.O4c7ccccc7.c5ccc6
O=C(O)c1c2c3c4C(=O)C=O.c-51c4.O2C.c6-5c7[C@@]8(O)CCCC.c97c%10cc6.C8=C.C3O.c9c[nH]%10
O=C(O)/C/1=C\[C@@H]2c3c4c5c6c7ccc5.[nH]63.C4C(O)=O.N\1C=O.N2C(=O)COC.O7C
Fc1c(N)c2c3c4c5c6c2c7c1.O7CC.[nH]5c(O)c6OC.[nH]3cc4
FC(F)(F)CC(=O)C(=C)/C=C\c1cccc2c(O)c3ccc21.C3(O)=O
O=C1c2cc3ccc(O)c(O)c3c-4c2O.c5-4c(O)cc6cc5.N6/C(/O)=C/C(O)=O.O1CC
Clc1c2c3c4cc1.[nH]4cc3.C52=CC=CC[C@H]5c6c7[C@H](C)Cl.c87ccc9c%10c8c%11c6O.C9CC.C%10=CC%11
O=C(O)c1cc2ccc3N/C(/O)=C/C(=O)CC(=O)c4ccccc4.c25c3.c1(O)c5
[s]1c2c3c-4cc(C)c2cc1.c5-4cc6c7cc5.O7C.C6(O)=O.C3O
O=C(O)N1c2c3c4cccc5c4cc2.C5(N)=O.C1CC.C3CC(O)=O
Clc1cc(C)c2[C@@H]3CCc4c(O)cccc4.C3O.c1c2
O=C1N2C(=O)CCC(=O)CC.C2CCCC.N1C(=O)CCC(O)=O
O=C(N)OC(=O)c1c2[C@H]/3C/C/4=C/5\CO.c1c(O)cc2.C\4(=O)OC.O\5C.C\3=C/C(O)=O
O=C(C)c1ccc2c3c(O)c-4ccc31.C2C.c5-4ccccc5
O=C1/C=C(\O)/Nc2ccccc2.O1C(=O)[C@H]1CC(C)=CN1
O=C1Nc2[n]c3c4ccc5c3.[nH]42.O1C.C5(=O)OC(=O)COC
Ic1cccc2c3c4cc5c21.c3(O)c6c7c4.c6cc8c7.C8NCC(O)=O.C5C
O=C1c2c3C(=O)/C=C\[C@@H](O)C(O)=O.c2ccc3NC(=O)c4c5CCOCC.[nH]5c6c4.N1C.O6C
Clc1c2c3c[nH]c2ccc1.C3C(=O)OC(=O)c4c(O)cc(O)c5ccccc54
Fc1cc(C)cc2cc3c4c5c21.[C@@H]65C7=CCc8c9c%10c(O)cc8.C97.N%10C(=O)OC.C3OC.C4C=C6
O=C(O)c1c2[C@H]3C4=C5OC.c62c(O)cc1.C56.C3OC.[C@H]4(C)C
O=C1CCCCC.O1CCc2cc3[n]cc4CC(O)=O.c35c4.c2c5OC
O=C(O)c1c2ccc3c4[C@@H]5C(O)=O.c4ccc31.O2CCCC.C5OC
O=C1c2c3cccc2.O3CC(O)=O.O1c4cc(O)cc5c6c7c8[C@H](C)C(N)=O.O6C(C)=O.c54c8.C7C
O=C(O)NC(=O)[C@@H]1c2c(C)cc3c4c2[C@H](O)N1.[C@H]54CCCC(O)=O.[C@@H]3(O)C6=C5.C6C(O)=O
O=C(O)NC(=O)/C=C\CC(=O)[C@H]1C(O)=O.c21c(O)[nH]c3c2ccc4c3.C4C(O)=O
O=C(O)c1cc2c3c4[n]c5c6c7ccc5cc41.[nH]6c8c7CC=C[C@H]8O.[C@H]92CCO.C9=CC3
[o]1c(C)c-2c3c1cccc3[C@@H](C)/C=C/C.c4-2cc5c6cc4.C6CC.[C@@]5(C)(C)O
ClC1=C[C@@H](O)c2c3c4c(O)c5c2CC6=CC5.C6CCOC(=O)CCCC.C4(O)=O.[C@@H]31/C=C/C#N
N(C)(C)CCc1ccc2c3cc4c(C)cc5-c6ccccc6.c31cc4c5.C2C=C
Oc1[n]c2c(O)cccc2c3c1c-4c(O)[nH]3.c5-4c6c7ccc5.C6CCC7
ClC1=C(C)Cc2c3c4c5CCC(O)=O.c5c2CC.c46[n]c(O)c31.C6(O)=O
Ic1c2C(=O)NC(C)=O.c1cc3c(Cl)c(F)ccc32
ClC(=C)NCc1c2C(=C)N(C)c3ccccc3.c41c5C(O)=O.[C@H]4(C)C.c2(O)c5
O=C1CO/N=C(\O)/CC(=O)NO.O1c2cc3ccccc3cc2
O=C1C2=CC(=O)C=C1.c32ccc4C(O)=O.c53ccc(C)cc45
Clc1c(O)c-2c(F)cc1OCCCCC.c3-2cc4cccc5c4cc3.C5(O)=O
O=C(O)/C/1=C/OC[C@@H](O)CC.[C@H]2\1c3c4c5c(C)cc3CC2.[nH]5cc4
O=C(O)c1cc2ccc3c/4c2cc1OC.C\4=C\C.N3CCC(=O)NCC(=O)OC(=O)[C@@H](C)C
O=C1Cc2c3ccc(C)c2.O1Cc4ccccc4.N3C
[S@@](C)(=O)(=O)NC(=O)c1c(N)c2ccccc2cc1OC
O=C1c2c3CCCC(=O)OC(=O)CC.c2ccc3.N1C(=O)c4cc5c6ccc(O)c5O.[nH]64
O=C(O)c1cccc2cc3cc4c21.O4C.C3(O)=O
Clc1c2c(C)cc(O)cc2c(O)c3c(C)ccc(O)c31
[S@]1(=O)(=O)c2c3[C@@H](O)CCC(O)=O.c2c4c5c3.[o]5c6c4ccc7c6.C7(O)=O.N1CCC
Fc1c2Cc3cc4c5cc6OC.c6c4c/7c3COC.O5C.C/8\7=C\CC(O)=O.C\8(O)=O.c1ccc2
[S@@](O)(=O)(=O)Nc1c2[C@@H]3/C=C/C(O)=O.O3C(=O)NCC(O)=O.c1c4C(=O)OCCCC.c2(C)c4
O=C(O)c1c(O)c2ccccc2cc1CCC(=O)c1cc2ccc3C(O)=O.c3c2c4c1.C4(O)=O
OCc1cc2c3[C@@H]4c5ccccc5.c3c1.C4C[C@@H]2C
O=C1[C@H]/2C=O.c31c4ccc5c3.O5C.O4C.N\2=C(\O)/CC(O)=O
Clc1c(F)cccc1-c2cc-3ccc2.c4-3cc5c(O)cc4.C5(O)=O
O=C(O)c1cc2c(C)cc1.[C@@H]32[C@@](C)(O)c4c[o]c5cccc(O)c54.c63c7c(O)ccc6.C7N
Fc1cc2c3C(=O)[C@H]4CCC5=C6NCC.C2NC[C@H](C)C.C64.c1c3.C5(=O)OCC
O=C(O)C(=O)/C/1=C\NCCc2ccccc2.C\1(O)=O
O=C(O)[C@@H]1c2cc(N)cc-3c2.C1COCCC(O)=O.c4-3c5Cc6ccc(C)cc6.c5ccc4
Clc1c(N)ccc(C)c1[C@H](C)C[C@@H](O)CCC/C=C\C(O)=O
O=C1C(C)=CC\C\2=N\Cc3c4c5ccc3COC(=O)CC.C/21.C4CCC5
O=C(O)c1c(O)c2c3c4ccccc4cc2c5c1.C3C(=O)c6c(O)cccc6CCC(O)=O.C5C=C
Clc1c(O)c2c3C(O)=O.C2(=O)NC(=O)c4c(Cl)ccc(O)c4Cc5c(O)cccc5C.c3c1
O=C1c2cccc3cccc4c32.C1C(=O)c5c(O)[nH]c(O)c5.C4N/C=C\CC
O=C1c2cc3cc4c(O)c5c3cc2.N1C=O.C5(N)=O.O4C
O=C(O)[C@@H]1c2c3[C@@H](O)C=CCc3c(O)cc2.c41c5CC(O)=O.c64c7c(C)c[o]6.c7c5
O=C(O)/C=C/N(C)c1cc/2ccc1.N\2=C(\O)/C=C/C/1=C/CC(=O)CC(O)=O.C1C(O)=O
O=C(O)[C@@H]1C(=O)c2c3c(O)cc4c2.C1(O)=O.C4C(=O)C[C@H](O)C[C@H]5CO.C5OC.C3[C@H](C)O
O=C(C)Nc1c2c3cc4cc(C)c3c5c1.C5C.O4C.O2C
F[C@@H]1c2c3[C@H]4C5=C1NC.c2c6[nH]3.O6CC(=O)OC(=O)CCCCCC.C5=C(O)C=C4
O=C1NC(=O)Cc2c3[C@H](C)/C=C\CCOC(=O)CC[C@@H](C)C.c3ccc2C.N1C(=O)NC(C)=O
O=C1NC(=O)CCOCC(=O)OC(=O)/C/2=C\C.O1C(=O)c3cc4c5cc3.C\2(=O)NC.c5c6C(O)=O.[o]64
O=C1NC(=O)Nc2ccc3[C@@H](C)C.N1c4c5c6ccc4.[o]32.C5C=CC6
O=C(O)Cc1c2[C@H](C)O.c1ccc2[C@H]1c2c(O)c3c4c(O)c2.C1O.C4C=CC3
O=C(O)NCC(=O)c1c2[C@H]3c4c5[C@H](O)C3.c4c(C)cc5OC.c1ccc2
O=C1[C@@H](O)C(=O)c2c(N)ccc3ccccc32.O1C(C)=O
O=C(O)Cc1c2[C@@H]3C=C4[C@@H]5[C@@H](C)C=C(C)C4.O3C.c1c(O)c6c52.C6C
Clc1cccc2c(F)c3ccc21.N3C(=O)NC(=O)C[C@@H](C)C
O=C1c2c3cccc2.c41c(O)[n]cc5c4[C@@H]/6CC[C@H]5C.N\6=C(/C)\O.O3C
Clc1cc2c3c4cc5c2c6c1OC.C4(O)=O.N3c7ccccc7.C6(=O)NCC(O)=O.C5CC
O=C(O)c1cc2c3c4c5cc2.[n]31Cc6c(O)c7ccc(C)c8c7cc6.C8C.C4=CC5
Cl[C@@H]1[C@H]2c3c4[C@H](O)C=C2C5=CC1.[n]4c(N)[n]c3.O5CC(O)=O
Clc1c2c3c4-c5c6c7c8c9c5.C6[C@H](C)O.O7C.C9(=O)CN.[C@H]8(N)N.C2C=CC3.c1c4
Fc1c2cccc1.N2/C=C(/O)\C(=O)OCCOC(C)=O
O=C1CO.N1c2c3c4ccc2.c-54c[nH]3.c6-5cccc7[n]cc8c9c76.[C@@H]%109C=CC8.O%10C
O=C(O)c1c(O)cc2C(N)=O.c2c1[C@@]1(O)[C@H](O)[C@H]2[C@H](O)C[C@H](C)O2.C1c1cccc2ccccc21
O=C(O)c1cc(O)c(O)c2c1.C2CCC(=O)NC(C)=O
O=C1c2c3[C@H](O)C4=C[C@H]5[C@@H](O)[C@@H]6CC[C@H]7C(O)=O.C7COC.O6C.c2c(C)cc53.O4C.O1CC
O=C(O)c1c(O)c2cc3c1.C3c4c(O)c5cc(O)c6[C@H](O)C=CCc6c5c7c4[o]cc7.C2O
[S@](O)(=O)(=O)c1cc2c(N)cc1.C2(=O)CC(=O)OC(N)=O
O=C(O)c1c(O)c(C)ccc1-c2c[n]3c4ccc3.[nH]42
Fc1c2ccc3cc4cc5cc6c4cc31.O2c7cc8c9cc7.c8c(C)[nH]9.O6C.C5(=O)CC(O)=O
O=C(O)CCc1c2c3ccc1.C2c4c5c6c7c8c4.O6C.O8C.C53.O7C
Ic1c-2c3c4NC(C)=O.c5-2c(O)c(C)ccc5.[nH]41.C3(O)=O
[S@@](O)(=O)(=O)[C@H]1[C@H]2[C@@]3(C)[C@H](O)CCCC3.N41CCO.C4c5cccc6cc(F)ccc65.C2CC
O=C(O)[C@H]1C(=O)NCC(O)=O.c21c3c4c5[C@@H]6C7=C3.c2cc4cc8c5C[C@@H](O)CC8.C6=CCC7
Clc1c2/C=C/3\c4cc5c(O)cc6C(O)=O.c57c6.c2ccc1.O\3C.c4[n]7
O=C(O)c1c(O)cc(O)cc1Cc2cc3ccc2.C3CCCC(=O)c4ccc[o]4
Fc1c2c3c4[C@@H](F)C(O)=C2.c51c6COC.c6ccc5c3ccc4
O=C1[C@H]2c3c4[C@H](O)C=C2.c3ccc4.O1CCCCN
[S@]1(=O)(=O)CCCC[C@]2(O)c3ccc(O)cc3.O1C.C2CCO
Clc1c2c3c4c5c6c7c(O)cc51.c3c[nH]4.C7C8=C9C(O)=O.C8C(O)=O.C96.O2C
Br/C/1=C\C(=O)OC(=O)[C@H](N)C(=O)OCCC.C\1=C\C\2=C\NNC(=O)CC.C/2(O)=O
Clc1c2cc3cc1O.O2C=C.C3C(=C)C(=O)OC
O=C(O)CCc1c2[C@@H]3C(=O)CCC.C3c4c5[C@H](O)NC.c4c(O)cc5.c1ccc2O
FC1=C(O)Cc2c3[C@@H]1Cc4c(C)c5c6ccc(O)c5.[nH]64.[n]3c(O)c7[n]2.C7(O)=O
O=C1NC(=O)CCCNCC.N1C(=O)c2ccccc2
Clc1c2CCCC(=O)OC(=O)c3c4cccc3.c51cccc(O)c5cc2.O4c6ccccc6
Clc1c2C(=O)/C=C/CC(=O)OC(=O)CC.c32c(O)c4c5[C@@H](O)COC.[C@H]64CC=C(F)C=C6.c73c5.c7c1
O=C1c2c(O)cccc2.N1C(=O)c1c2[C@H]3/C/4=C\C.C\4=NC(O)=C3.c2c(O)cc1
Clc1cc2cc(Cl)ccc2c(O)c1CN[C@@H](C)c1c2CC.c1ccc2
[S@]1(=O)(=O)N(C)C(=O)Cc2cccc3cccc4c32.C4(C)=O.O1C(=O)CC(=O)CCC
O=C1c2ccccc2.N1C(=O)[C@@H]1C(=O)NC(=O)Cc2c(O)[n](C)cc2.c31cc(C)[n][nH]3
O=C(O)[C@H]1c2c3CC(O)=C1.c2c4-c5c(O)c6c(O)cccc6c7c5.c4c3.O7CCC
O=C(O)C[C@H]1Cc2c3c4ccc2Cc5cc(O)ccc5.C3=C1.O4C
O=C(O)/C/1=C\C=C/c2ccccc2.[C@H]3\1[C@@H](C)C.O3[C@@H]4CC.C4CC(=O)NC
O=C(O)c1c2c(C)ccc1.C32=C[C@@H](O)CC4=Cc5c6c7ccc5.[C@H]43c6ccc7
O=C1Nc2ccccc2.O1C(=O)Cc1c2ccc/3c1.C\3=C\C=C.O2C
O=C(O)Cc1c(O)ccc/2c1.N\2=C/1\c2ccccc2.O\1C
[S@]1(=O)(=O)c2ccc3C(O)=O.c2c3.N1C(=O)OCc4ccccc4
O=C(O)[C@H]1C(=O)c2c3[C@@](C)(C)c4cc5c(O)cc4.N1CC(=O)CCC.c3c(O)[nH]2.C5(=N)O
O=C(O)CCC(=O)[C@@H]1c2c(O)ccc(C)c2[C@H]3C(O)=C1.C3C
[S@@](N)(=O)(=O)OC(=O)C[n]1c(O)cc2c1c3c4c5c(O)cccc52.[n]64cc3.C6CCCC#N
O=C1c2c3cccc2O.O3c4ccccc4.N1[C@H]5[C@@H](O)CCC[C@@H]5O
Clc1ccc2C(=O)OC.c23cc(O)cc-4c31.c5-4c6C(O)=O.c76ccc5/C=C/C(O)=O.C7C
Clc1c2c3ccc1.C3(=O)NC(=O)OC(=O)c4c-5c(O)cc6c4.[n]7-5c8ccc7.C8CC.O6C.O2C
Clc1c2C(=O)OCC.c2c3cc1[C@]45[C@H](O)CCC(O)=O.C4COC.C3CC.C5c6c(Cl)cccc6
O=C(O)c1[n]c(O)cc/2c1.C\2(/C)=C(/O)\c1cc2cc3c1.O2CCCCCO.C3(=O)NN[C@@H](N)N
Clc1c(O)cccc1C(=O)NC(=O)N2C(=O)CC(O)=O.C2(=O)c1c2ccc(F)c1.O2C
Cl[C@H]1c2c3c4cc(F)c2.[nH]4cc3.c51c6COC.c5ccc6
O=C(O)Cc1ccc(O)c2c3-c4[n]c(O)c5c6c4.C6C=CC5.c21cc-7c3.c8-7ccc(O)cc8
O=C1c2c(O)ccc/3c2.c41c(O)cc5cc4O.N\3=C(\N)/O.O5C
O=C1c2c3c(O)c4cc2.C3C.O1C(=O)c5ccc6cc5.C6CC(=O)OC(=O)[C@@H]7C(O)=O.O7C.C4#N
O=C(O)c1c2cccc1.O2Cc1cc2c[o]1.N2[C@](C)(C)CCCC
O=C(O)c1cc2ccc(N)cc2c3c1.N3C(=O)C(O)=O
[S@@](O)(=O)(=O)N[C@@H]1c2c3[C@@H]4c5c(O)c6c(O)c(O)c5CC.C1C4.c2cc(O)c3.C6CC(O)=O
O=C1c2c(O)c(O)c3c4c2O.[nH]3cc4.N1[C@@H]5C(O)=O.c65c7c8ccc6.c7c(C)[nH]8
O=C(O)[C@H]1c2c3[C@@H]4C=C1.c2c5c6c3C.C4OC.[C@@H]75COC(C)=O.C7=C8OC.C86
O=C1c2cc3c4CCOCCC.c2(O)cc3c(O)cc4.N1c5c6C(N)=O.c5cc7cc(O)ccc76
O=C1NC(=O)c2cc3c4c5c6CC.N1C(=O)c7cc8cc(O)ccc8cc7.[nH]63.C5C.c4c2
O=C1c2cc3ccc(O)c(C)c3cc2.O1c4c5c6cc7cccc8c74.O8C.c6(O)ccc5
O=C1/C/2=C\3/[C@@H](O)C(O)=O.O1C(C)=O.C/3(=O)C(O)=O.C\2(=O)/C/4=C/C.C4c5c(O)c6c7cc5.c6c(C)[nH]7
O=C1c2c3C(O)=O.c2c4cc3.O4C.O1C(=O)c5ccc[nH]5
O=C(O)c1ccc2C(=O)Nc3ccc(O)cc3.c1c2
Clc1c(O)c2cccc3c2c(Cl)c1.O3c4[n]cc[o]4
O(C)c1cccc2cccc3c21.C3c4c[n]ccc4
O=C1NC2=C/C/3=C/Cc4cc(C)c5c6c4.C6OC5.O1C(=O)Nc7c8cccc7.O8C.C3C(O)=N2
O=C1NC[C@@H](O)/C/2=C/3\[C@H](O)C=Cc4c3ccc[n]4.c5\2ccccc5.O1C(C)=O
Cl/C/1=C/C(=O)NC(N)=N.N\1C(=O)CCc2cc3ccc2.[S@@]3(=O)(=O)NC(=O)c4cc5ccc4.C5CO
Brc1c2c3ccc1.C2NC(=O)c4c5c(Cl)c6cc4.O5C.O6C.C3(=O)CC(O)=O
Clc1cc(O)c2c3ccc4c(C)c31.N2C(=O)c5ccccc5.O4C
O=C/1c2c[nH]cc2.C\1=C/[C@@H]/1C(O)=O.C\1=C/CC(=O)OC(=O)[C@H](C)Nc2ccccc2
O=C1NC(=O)OCCC.O1C(=O)c2[n]c(O)ccc2Cc1cc2c(C)cccc2c3c1CCN3
Clc1c(O)c2c(C)c3c4c5c(F)c6c3cc2cc1.C6C.c4cc(O)c5C(=O)OC(=O)CCC(O)=O
Fc1c2-c3ccccc3.c41c5cc2.O5C.C4CCC(O)=O
O=C1NC(C)=O.O1C(=O)CCc2ccc3C(=O)[C@@H](C)C/C=C/C=C(/C)\C=C.c3c2
Fc1ccc2[C@](C)(C)Cc3c4COC.c4[n]c(O)c3.c1c2
O=C(O)[C@@H]1C(=O)c2c3CC(O)=O.[n]41ccc5c4.[C@H]65/C=C\CC.O6C.c3ccc2
O=C(O)/C(/O)=C\NC1=CCc2c3[C@@H]1OC.[n]3ccc2
O=C1/C=C\C(=O)CCC/C/2=C\C(=O)NC(=O)CC(O)=O.O\2C.O1C=O
O=C(O)c1cc2cc3cccc4c3c5c2c6ccccc61.C4=C[C@H]5O
O=C(O)/C=C\C\1=C\C(=O)/C=C(\O)/c2c(O)cccc2.C/1(=O)/C=C\c1c2CC.[nH]2cc1
O=C1c2c(O)c3cc4c2.N1C(=O)c5c(O)cccc5.C3(N)=O.C4[C@@H]6C(O)=O.C6(O)=O
F[C@]12C(=O)N(C)C.C1(O)=O.c32cc4c5C(O)=O.c63cc4ccc5.N6c7ccccc7
Fc1c2[C@@H]3[C@H](O)Cc4ccccc4.C3(O)=O.c1c5c6c2.[C@@H]/75C(C)=C[C@H]6O.C\7=C\CCCNC(C)=O
Clc1c2cc3C(=O)OC(=O)NC(=O)c4c5C(O)=O.c5ccc4.c3c1.N2C(=O)CC(O)=O
Clc1cc2c(C)c3cc4c2c(O)c1.C4(O)=O.[C@]53(C)c6cc7c(O)cc6.O5C.N7C8=CC(=O)C=CC8=O
FC1=C2C3=C[C@@H]4[C@H]1c5c6[C@@H]7C4.C7=C(O)[C@@H]8C(O)=O.c86c9cc5.C2=C%10C%11=C3.C9O.C%11N.O%10C
FC1(F)CCc2ccccc2.C1Cc1ccc2cc1.O2/C=C/CCC(O)=O
O=C(O)[C@H]1c2c3c4c(C)cc2C/C(/C)=C\CC(O)=O.C3C=C1.N54CCCC(O)=O.C5C(O)=O
O=C(O)c1c2c-3ccc1O.O2CC.c4-3c5C=C.c4c6[C@H](O)CC.c6c5
[S@@](C)(=O)(=O)c1c2C(C)=O.c32c(O)cc1/C(/O)=C\c4ccccc4.O3CC(=O)CC(O)=O
Oc1c2c3c4[C@](C)(C)C.c45ccc6Cc7cc(C)c(O)cc7.c6c51.c3c(O)[nH]2
FC(F)(F)[C@H](C)c1c(O)[n]c2c3c1COC.[C@@H]43[C@@H](C)O.C2C.c54c6c7ccc5.[nH]7cc6
Cl[C@@H]1c2cc/3ccc2.C\3=C\[C@H](O)[C@@](C)(C)O.c41c5C/C/6=C/C(O)=O.c5c7C(O)=O.C\6(O)=O.c7c4
O=C(O)/C=C(\C)/Nc1cc-2c(O)cc1.c3-2cc(O)[n]c(O)c3
Clc1c2-c3c[nH]c(O)c3C(=O)CCCC.c2c(F)c4c1.C4CC
[S@](O)(=O)(=O)OC(=O)/C=C\CC1=CCc2c3c4c5c6c2[C@H]7C(O)=O.[nH]5cc4.C31.C7=C[C@@H]6C[C@](C)(C)O
O=C(O)Cc1c2[C@@H]3C(C)=CCc2c4-c5[n]c(N)ccc5.[nH]41.O3C
O=C(O)[C@H]1c2c3[C@@H]4C=C1.C4=C5[C@@H]6c3cc(C)c2.C5CCC6
O=C(O)CCc1cc2c3c4ccc2c5c1cc(O)[nH]5.[C@@H]/64C=CC3.N\6=C\C
[S@]1(=O)(=O)c2c3C(C)=O.N1C(=O)/C=C\4/CC(O)=O.N/4c5cccc6ccc7c8c65.c8c(O)[nH]7.c2ccc3
O=C1c2c(O)cc(O)c3c2c(C)c[nH]3.O1c4ccc(O)c5c(O)c6c7[C@@H](O)C=CC6.c54c7
Clc1cc2c3cc1.[nH]3c4c2.C4(=O)N/5C(=O)CC[C@@H]6/C=C\C.N6CC(=N)O.C\5=C/C(O)=O
O=C1c2cc3c4ccc5c3/C/6=C/c7ccc8C(O)=O.O1C.[nH]87.[nH]42.C5/C=C\C.C\6(O)=O
Oc1c2-c3ccccc3.c2c4/C=C\C/C=C/[C@@H]5[C@](C)(C)C.[nH]41.N5C
O=C1c2c3CCC(O)=O.O1C(C)=O.c2c4-c5c6C(=O)OC.c4c3.c5c(O)[nH]6
Clc1ccc[n]1[C@@H]2[C@](C)(O)C[C@H](O)[C@H]3[C@@H]2O.N3C(=O)CC
O=C(C)/C/1=C\CO.c2\1c3c4ccc2CN.C3N.[C@@H]54CCC=CC5
O=C1[C@@H](C)C/C/2=C/3\C\4=C/C.[C@H]\2(N)N.O/4C=C\3.O1Cc5ccccc5
O=C(O)c1c2C(=O)CC.c2c3c-4c1.O3C.c5-4[n]c(N)ccc5
O=C(O)c1cc2c3c(O)c[o]c3cc4c2cc1.O4C
Oc1cc2cccc-3c2cc1.[n]4-3c5ccc4O.C5C
[S@]1(=O)(=O)[C@@H]2C(O)=O.c32c(O)c/4cc5c3[C@H](C)N/C=C/C(O)=O.O5C.C/6\4=C/OC.C\6(O)=O.C1C(O)=O
[S@]1(=O)(=O)c2cccc3c4c5[n]c(O)c32.C64=CO5.C6OC(C)=O.N1C
Fc1c2c3ccc1.N2C4=C(N)/C/5=C/C=C\CC#N.C4(O)=CC\5.C3(=O)OCCC
O=C1CC(=O)NC(C)=O.O1Cc2c(O)c3ccc4c5c3c6c2.C6C=C5C.O4CC(O)=O
O/1c2c(C)c(O)ccc2.C\1=C/COc1cc-2ccc1.c3-2c4c5ccc3.[nH]4cc5
SCC(=O)OC(=O)CC(=O)c1ccc2c3cc4ccc31.C4O.O2C
O=C(O)c1c2c3c4CCC(O)=O.c4c[n]c3cc1.C2=C
O=C(C)c1cc2c3cccc2cc1C(C)=O.N3C#N
[S@@](O)(=O)(=O)Nc1cc2c3c4c5c6ccc4c7c(C)c(O)ccc72.[nH]31.[o]5cc6
O=C(O)C1=C2c3c4c5cc(C)c6c4cc7cccc8c73.C51.C2[C@H]9C(O)=O.C9(O)=O.O6C.O8C(C)=O
O=C(O)C1=C[C@@H]2c3c(C)cc[o]3.c42c5c6ccc4[C@@H](O)CCC(=O)OC(C)=O.C51.C6/C/7=C\C.C\7(O)=O
Clc1c[nH]c2c1c3cc4c5c-6ccc42.C5C(O)=O.c7-6ccccc7.C3CO
O=C(C)CCCc1c2c3cc4c1CC=CC4.[C@H]53c6c7cccc6NCC.O5C.C72
O=C1C2=CC\C\3=C/C=C\[C@H]4CCC(O)=O.C/3=C2.N51C(=O)C[C@@H](O)C(O)=O.C5CCCC.O4C
O=C1Nc2c3/C/4=C\c5cc6ccc5.O\4C.C6(O)=O.c2c(O)cc3.O1C
[S@]1(=O)(=O)c2ccccc2.N1c1c(F)cc2c3c1.C3(C)=O.C2(O)=O
O=C1C=C/2[C@@H](O)C3=C1.C\2=C/C(O)=O.N3c4cc5ccc(C)cc5c(N)c4
[S@](O)(=O)(=O)c1c2cc3cc1OC.C3/C=C/C=C.O2CCC
Fc1c2c(F)ccc1.N2CC(=O)N1C(=O)CC(O)=O.c21c(O)[nH]c(O)c2-c1ccc(O)[nH]1
Brc1c2c3cc4c5C(N)=O.O2CCC.c46c7c8c5.[nH]8c[n]7.c93c6.c9(O)c1C(=O)O[C@@H](C)C
Brc1c2c3cc4cc5cc6[n]ccc7c6cc5cc4c8c3cc1F.O2C.N7C(C)=O.O8C
FC1(F)c2cc3c4cc2.C1Cc5ccc6cc5.C6CC.[o]4c7c3c8ccc(C)cc8cc7OC
Cl[C@@H]1c2c3c4c(O)cc2.N3C.C4(O)=O.c51c6-c7ccc[nH]7.c85c(O)cc6.C8C
O(C)[C@@H]1C2=C3[C@@H]4C=C1.C4O.c53cccc6[n]ccc7c65.C72
O1c2c3[C@H]4c5cc[n]c(O)c51.c63ccc2.C6C.C4OC
O(C)c1cccc2cc(N)c3[C@@H]4[C@@H]5CCc6c(O)cccc6.c21c3.C5O.[C@H]74CCC=CC7
O=C1c2cc3cccc4c3cc2.C4(O)=O.O1CC
O=C(O)c1cc2cc3c4[C@](C)(C)C.c54c2c6c1.C6(O)=CC5.C3c7c[nH]cc7
O=C1NC(=O)c2c3cc(O)cc2O.O3C(=O)N[C@@H]4C(O)=O.O1C(=O)CCC[C@@H](C)C.C4(O)=O
O=C(O)c1c(C)cc2[C@H]3CCCN/C(/O)=N/[C@@H]4C(O)=O.c2c1.C4(O)=O.O3C
O1[C@@H]2c3cc4ccccc4cc3CCC2.c51ccccc5
Cl[C@H]1c2c(O)cc3c(O)c2CC=C1.N3/C/4=C/CCC.O\4C
O=C1c2ccccc2.O1c1c(O)[nH]c2c1CC=C[C@H]2/C=C(/C)\c1c2C(O)=O.c2ccc1
Clc1c2c3c4C[C@H]5C(O)=O.O2C.c4ccc3c(O)c1C(O)=O.C5(O)=O
O=C(O)c1c(C)ccc2c1.C2c1ccc2cc1.O2c1c(O)cc(N)cc1
O1Cc2c3c4c5c6c2C.[C@@H]75C(C)=CC6.C7C.N4C.C31
ClC(=C)N[C@H]1c2c3[C@@H]4C5=C1.c63c7c(O)c2.C7[S@](O)(=O)=O.[C@@H]86CC=CC=C8.O5C.C4O
O=C(O)[C@H]1c2c3[C@H](O)c4c5c-6cc(O)c4.c7-6ccc[nH]7.C1C.C5c3ccc2
[S@@](C)(=O)(=O)c1c2c3c4C(O)=O.N3[C@@H](C)c5c6cccc5.c1c4.C6#N.C2[n]7c8ccc7O.C8C(O)=O
[o]1c(C)c2c3c1.[n]3c4cc2O.C\4=C\c5cc6ccc5.[C@@H]6(O)NCO
O=C1[C@@H]2c3c4c5ccc3.O1C.C5C=CC4.c62[n]cccc6
O=C1c2cc(N)[n]c3cccc4c32.C4CO.C1O
O=C(O)c1c2[C@H]3/C/4=C/C(O)=O.c2ccc1.O\4CC.C3c5cc6ccccc6c(O)c5O
O=C1c2ccc[nH]2.c31c4c5[n]c(N)c3.O5C.N4C(C)=O
O=C(O)c1cc2c3c4c1.[C@@H]52C(O)=O.C5(=O)OC(=O)/C/6=C/c7ccccc7.C\6=C.[o]4cc3CC(O)=O
Clc1c(C)c2c3[C@H](C)Cc4ccc[nH]4.N2CC.c1c3
O=C(O)/C=C(\O)/Nc1cc-2ccc1.c3-2c[o]cc3
Oc1c2[C@@H](O)C3=C[C@H](O)c2c4c5c1.C3C.[C@@H]5(O)C(C)=C[C@H]4O
O/1CCO.N\1=C(\O)/c2cc(O)c3c4c5cccc42.C5=CC3
Cl[C@@H]1C[C@H](C)c2c3c4c5c6c2CC(O)=C(O)C6.C5C=CC4.C31
