O=C1c2cc/3cc4c2.C4Oc5cc(C)ccc5.O1C.C\3=C\c6c[o]cc6C(O)=O
Cc1cc2ccc1.O2Cc1cc2cc\3c1.C/3=C/c4c[o]cc4C(=O)O.C2(=O)OC

Clc1c2ccc3cccc4c31.N2/C/5=C(/O)\NC.C\5(=O)OC(=O)c6ccccc6.C4C(C)=C
C=C(C)Cc1cccc2c1c(Cl)c3N/C/4=C(/O)\NC.c3c2.C\4(=O)OC(=O)c5ccccc5

O=C(O)c1cc2cc3cc-4c2c5ccccc51.c6-4c7cccc6.O7C.C3C[C@@H]8CCCCC8
COc1ccccc1-c2cc3cc4c2c5ccccc5c6c4.C3C[C@@H]7CCCCC7.C6(=O)O

Fc1c(O)c2c3C(=O)NC(=O)CC(O)=O.c41c3.C2(=O)NCCC=O.O4C(=O)CNCCC
CCCNCC(=O)Oc1c(F)c(O)c2C(=O)NCCC=O.c32c1.C3(=O)NC(=O)CC(=O)O

O=C1c2c3cccc2[C@H]4C5=C1.O3C(=O)c6ccccc6.C74=C(O)C=C5.C7#N
c1ccc2C(=O)Oc3cccc4c3C(=O)C=C5[C@H]4C6=C(O)C=C5.c1c2.C6#N

Oc1cccc2c[nH]c3c21.[C@]3(C)(C)c4cc5ccc4.N5C=C
C=CNc1cccc2c1.[C@]2(C)(C)c1c2c(O)cccc2c[nH]1

O=C(O)c1ccc2cc1.C\2=C/1\c2cc3ccc2.O\1C.C3OC(C)=O
CC(=O)OCc1cc\2ccc1.C\3/2=C/c4ccc5C(=O)O.c5c4.O/3C

[S@@](C)(=O)(=O)N1C(=O)CF.C1(=O)OC(=O)c2ccc3c4c5c(O)ccc42.O3C.C\5=C/C(O)=O
COc1c2c\3c(O)ccc2c4C(=O)OC(=O)N5[S@@](=O)(=O)C.c4c1.C5(=O)CF.C/3=C\C(=O)O

O=C(O)c1c2c3c(N)ccc4c3cc1.C4C.O2CCCC
CCCCOc1c2C(=O)O.c13c(N)ccc4c3cc2.C4C

O=C(O)c1c2[C@@H]3CC.c42cc5c1.C5(O)=O.[C@H]4(C)C=C3
CC[C@H]1c2c3[C@@H](C)C=C1.c42cc5c3.C5(=O)O.C4(=O)O

O=C1NCCCC.O1/C/2=C(/C)\C(\C)=N\OCc3c4[C@](C)(C)C.c4ccc3.C\2=C/C
CCCCNC(=O)O\C\1=C(\C)/C(/C)=N/OCc2ccccc2[C@@](C)(C)C.C/1=C\C

O=C(O)C1=C(O)N[C@H]2C3=CCc4cc5cc6c42.C31.O6C.[C@]75(O)[C@H](C)C.[C@H]7(O)C[C@@H](C)C
C[C@@H](C)C[C@H](O)[C@@]1(O)c2cc3c4[C@@H]5C6=CCc4c2.C6C7=C(O)N5.O3C.C7(=O)O.[C@@H]1(C)C

Fc1c(O)c2c3C(=O)OC(=O)CCCC.c1cc2ccc3
CCCCC(=O)OC(=O)c1cccc2c1c(O)c(F)cc2

O=C(O)c1c2C(=O)[C@H]3C(=O)N[C@](C)(C)C.c1c(N)cc2.C3(=O)OC
C[C@](C)(C)NC(=O)[C@H]1C(=O)OC.C1(=O)c2c3C(=O)O.c3c(N)cc2

Ic1cc2cc3ccccc31.C2(F)(F)c4ccccc4
c1ccc2C(F)(F)c3cc4ccccc4c(I)c3.c1c2

O=C(O)CCc1cc2cc3ccccc31.[C@]2(C)(C)[C@H]4CC.C4[C@@H](C)CCCC(O)=O
CC[C@@H]1[C@](C)(C)c2cc3ccccc3c4c2.C4CC(=O)O.C1[C@@H](C)CCCC(=O)O

O=C1/C/2=C\c3c(O)c(C)cc(C)c3.C1=C(C)C(=O)C\2
Cc1cc(C)c(O)c\2c1.C/2=C\1/C(=O)C=C(C)C(=O)C/1

O=C(O)[C@@H]1C(=O)[C@@H]2c3c(O)[nH]cc3[C@H]4C5=C2.C1(=O)NC=O.C5=CC=C4
C1=CC2=C[C@@H]3C(=O)[C@H]4C(=O)O.[C@H]25c6c[nH]c(O)c63.C1=C5.C4(=O)NC=O

O1c2ccccc2.c31c4ccc5c-6c7c8cc[nH]7.c53c8.O4C.[n]9-6c(O)ccc9
COc1c2c3c4c-5c6c7c3.[nH]6cc7.c4c1.O2c8ccccc8.[n]-59c(O)ccc9

O=C1CC(=O)c2ccc3[C@@H](C)C.N1C(=O)C/C=C/4\N5CC.O\4C.c2c3.C5CC
CCCN1/C/2=C\CC(=O)NC(=O)CC(=O)c3ccc4[C@H](C)C.c4c3.C1C.O\2C

[s]1c(C)ccc1COc2c3c4c5c6c7[C@@H](O)C=C5.O4c8cc9ccc8.C9(O)=O.c7ccc62.O3CC
CCOc1c2c3cccc4c3c5c1Oc6cccc7c6.[C@H]4(O)C=C5.O2Cc8ccc(C)[s]8.C7(=O)O

O=[N]([O])c1cc2cc3cccc4c3c-5c2cc1.c6-5c7[C@H](O)C=C(O)[C@@H]8c7c(O)[nH]6.C4(O)=O.C8#N
c1cc2cc3cc4ccc3c-5c2c6c1.c7-5c8c9c(O)[nH]7.[C@@H]8(O)C=C(O)[C@H]9C#N.C6(=O)O.[N]4(=O)O

Oc1c(O)ccc(O)c1[C@H](C)Cc2c[n]c(O)cc2
C[C@H]1c2c(O)ccc(O)c2O.C1c1c[n]c(O)cc1

O=C(O)N/C=C/Cc1c2ccc3c1[C@@H](O)C=C[C@H]3C=O.N2c4c(O)cccc4C(O)=O
c1cc2c3c(O)c1.N3c4c5c6c7[C@@H]8C=O.c7c4.[C@H]6(O)C=C8.C2(=O)O.C5\C=C\NC(=O)O

Clc1c2c-3cc/4c1.O2C.C\4=C/[N]([O])=O.c5-3c(O)[nH]c6c5[C@@H](O)CCC(=O)CC(O)=O.O6CC
CCOc1c2c-3c(O)[nH]1.c-34c5c(Cl)cc\6c4.C/6=C\[N](=O)O.O5C.[C@H]2(O)CCC(=O)CC(=O)O

FC(F)(F)CC1=CCc2c3[C@H]1[C@@H](C)CCC.c3c4[C@]56C(O)=O.c4c2.C5(O)=O.c76cc(O)ccc7
CCC[C@H](C)[C@@H]1c2c3ccc4c2.C15=CC3.[C@]647C(=O)O.C5C(F)(F)F.C6(=O)O.c78cc(O)ccc8

O=C(O)[C@@H]1c2c(O)ccc3ccc(O)cc32.C1#N
c1cc(O)cc2c1ccc(O)c2[C@H]1C(=O)O.C1#N

Fc1cc(C)c2[C@@H]3CCC(O)=O.N3c4c(N)cccc4C(O)=O.c2c1
Cc1cc(F)ccc1[C@H]2Nc3c4C(=O)O.c4ccc3N.C2CC(=O)O

O1[C@@H]2c3c4[C@@H]5C(O)=C[C@H](O)c4c6cc3.c71cc8ccc7.C8O.O6CCC.C5=C2
CCCOc1c2c3c4[C@H]5Oc6cccc7c6.C5=C[C@H]3C(O)=C[C@@H]2O.c4c1.C7O

Cl/C/1=C/c2cc3cc4c5c6c[nH]4.C\1=C.c5c3c(O)c2.C6C
CCc1c[nH]c2c1cc3c(O)cc\4cc3c2.C/4=C(\Cl)/C=C

N(C)c1cccc2cc(C)c3[C@@H]4CN.c21c3CCC4
Cc1cc2c3c4ccc2.c51c3CCC[C@H]5CN.N4C

Fc1c(C)c2c3cc1.C3C=C4c5c6C(=O)/C=C/C(=O)CCCOC.[C@@H]42CCc5ccc6
Cc1c(F)ccc2c1[C@H]3C4=CC2.c54c6CC3.c6ccc5C(=O)/C=C/C(=O)CCCOC

O[C@@H]1[C@@H](C)[C@@H](C)C.c21c3c4cc5ccccc52.C3CCC4
C[C@@H](C)[C@H](C)[C@@H](O)c1c2c3cc4ccccc14.C3CCC2

[S@]1(=O)(=O)c2c3[C@](C)(C)C.N1C(=O)OC(=O)CCC(O)=O.c42c(O)c5ccc6-c7ccc[nH]7.c6c53.C4=O
C[C@](C)(C)c1c2[S@](=O)(=O)NC(=O)OC(=O)CCC(=O)O.c23c(O)c4c1cc5-c6ccc[nH]6.c5c4.C3=O

O=C(O)c1c2[C@H]3C=C(C)Cc2ccc1.O3c4ccccc4
CC1=C[C@@H]2c3c4C1.c4ccc3C(=O)O.O2c5ccccc5

O=C(O)CCc1cc-2cc3cc4c(O)c(C)cc5c4cc31.C5C.c6-2c(C)[nH][n]c6C
CCc1c2c3c(O)c(C)c1.c2c4c5c3.c46cc-7c5.c-78c(C)[nH][n]c8C.C6CC(=O)O

ClC1=C[C@@H]2C3=CCc4c2c[n]c/5c4O.C\5=C/[C@@H]6C(O)=O.C1=C3.N6C(=O)NCC
CCNC(=O)N[C@H]/1C(=O)O.C\1=C/c2[n]cc3[C@H]4C5=CCc3c2O.C5=CC(Cl)=C4

O=C(O)CCC/C=C\Cc1c2ccc3c1.N2CCCC.O3C
CCCCNc1ccc2OC.c2c1C\C=C/CCCC(=O)O

[S@]1(=O)(=O)NC(=O)OC(=O)CCC(O)=O.O1C(=O)CC(O)=O
C1C(=O)O.C1C(=O)OC(=O)N[S@](=O)(=O)OC(=O)CC(=O)O

Cl[C@@H]1C2=C3C(O)=O.C3[C@@H]4CC[C@@](C)(C)c5ccccc5.C41.N2CC(O)=O
C[C@]1(C)c2ccccc2.C1C[C@@H]1C[C@H](Cl)C2=C3C(=O)O.C31.N2CC(=O)O

O=C(O)N1C2=C[C@@H]3c4c5c(C)c(O)cc4[C@@H](C)C=C3.C52.C1[C@H](C)C
C[C@@H](C)CN1C(=O)O.C12=C[C@@H]3c4c5[C@@H](C)C=C3.c5c(O)c(C)c4C2

Brc1cc2[n]cccc2c3c1-[n]4c(C)c[n]c4.[S@@]3(=O)(=O)CC(O)=O
Cc1c[n]c[n]1-c2c3[S@@](=O)(=O)CC(=O)O.c34c5[n]ccc4.c2(Br)c5

Ic1c2[S@@](=O)(=O)NC(=O)N[C@@H]3c4c[o]c5c4cc(C)c(C)c5.C3=C.c62ccc1Cl.O6C
C=C[C@H]1c2c[o]c3c2cc(C)c(C)c3.N1C(=O)N[S@@](=O)(=O)c4c5OC.c4(I)c(Cl)cc5

FC1=C[C@@H](C)[C@H]2[C@@H]3[C@@H]4CC=C5[C@@]67c8c9[C@@H](C)C=C7.C4[C@H](C)C2.[C@H]351.c9ccc8.C6O
C[C@@H]1C[C@@H]2[C@H]3[C@@H]4C(F)=C[C@H]2C.[C@@H]35C1.C5C=C4[C@@]67c8ccccc8[C@@H](C)C=C7.C6O

[o]1c2ccc1.C2c1cccc2c(C)ccc3c21.C3O
Cc1ccc2c3c4Cc5ccc[o]5.C2O.c31ccc4

[P@]1(O)(=O)OC(=O)CCCC.O1c2c[n]c(O)cc2
CCCCC(=O)O[P@@](=O)(O)Oc1c[n]c(O)cc1

Fc1c(O)c2cc3ccccc31.O2c4c5[C@H]6C7=C8CC(O)=O.C7(O)=C9C=C6.C9#N.C8c5ccc4
c1ccc2c(F)c(O)c3cc2c1.O3c4cccc5c4[C@H]6C7=C8CC(=O)O.C7(O)=C9C#N.C85.C9=C6

O=C(O)c1cc(O)cc-2c1.c3-2c4c5ccc3.C4C=CC5
C1=CCc2c3cccc2-c4cc5cc(O)c4.C31.C5(=O)O

Fc1c2c3cc4c1.C2CCCCCC.N4C=C.C3N/C=C\C=O
CCCCCCCc1c(F)cc2NC=C.c2c1CN\C=C/C=O

O=C1C=C\C\2=C\3/c4cc(O)cc(O)c4.N/3C(=O)CC.C2O1
CCC(=O)N\C\1=C\2/COC(=O)C=C/2.c/11cc(O)cc(O)c1

O=C1CC(=O)CCC(O)=O.O1c2c3c4ccc2.C3c5c6cc7cc5.C64.O7C
COc1ccc2c3c1.C3c4c5c6ccc4.O6C(=O)CC(=O)CCC(=O)O.C52

FC1=C2C/C/3=N\[C@H](O)c4cc5c6c7c4.C7C=C[C@@H]6C(O)=O.C\38=C1.C8C(O)=O.C5(O)=O.O2C
COC1=C(F)C=C2\C\3=N\[C@H](O)c4cc5c6[C@H]7C(=O)O.C1/3.c68c4.C8C=C7.C5(=O)O.C2C(=O)O

O=C1[C@H](N)CN[C@H]2c3cccc4cccc5c43.O1C(=O)CC(O)=O.C5C2
c1cc2c3c4ccc2.c1c3CC[C@H]4NC[C@@H](N)C(=O)OC(=O)CC(=O)O

[o]1c2c(O)cc(O)c-3c2c(C)[n]1.c4-3c(O)c5cc(O)ccc5c6c4CC(C)=CC6
CC1=CCc2c3c4c(O)c-5c2C1.c3cc(O)c4.c-56c7c8c(O)cc6O.[o]8[n]c7C

Fc1c2c3c(O)c(O)c1COC[C@H]4[C@@H]/5[C@H]6C=CC\C\5=C/C.O6C.N4CC.O2C.C3(O)=O
C/C=C\1/[C@H]2[C@@H]3OC.C3=CC/1.[C@@H]24NCC.C4OCc5c(O)c(O)c6C(=O)O.c76c5F.O7C

O=C(O)c1c2/C=C/3\C(O)=O.c2c(O)cc1.c4\3c5c6ccc4N.O5C.O6C
COc1c2c/3c(N)cc1.C/4\3=C/c5cc(O)ccc5C(=O)O.C\4(=O)O.O2C

O=C(O)c1c2c3c4c5ccc3.c62c7c8c1.O7CCCCCCC.O8CCCCCC(O)=O.C5(O)=O.[nH]46
CCCCCCCOc1c2OCCCCCC(=O)O.c31c4c5c2.C5(=O)O.c46c7c8ccc6.[nH]37.C8(=O)O

Fc1c2-c3ccc4C(O)=O.c1c(C)c5c6C=C.c6ccc52.c3c4
C=Cc1c2c3ccc1.c3-4c(F)cc2C.c-45ccc6C(=O)O.c6c5

O=C1NC(=O)c2ccccc2.O1C[C@@H]1c2c3CCCC(O)=O.C1O.c2c4c5c3.C5C.C4C
CCc1cc2c3[C@H]4COC(=O)NC(=O)c5ccccc5.c16c3.C6C.C4O.C2CCC(=O)O

O(C)[C@@H]1c2[n]c(O)c3c4c2[C@H]5C=C1.[C@@H]4(C)CC[C@@H](C)C.C3C.O5C
CCc1c2c3c4[C@H]5OC.C5=C[C@H]3OC.[C@@H]2(C)CC[C@H](C)C.[n]4c1O

O=C1c2c3c4c5cc(O)cc4C.[nH]52.C3CC(O)=O.N1C(=O)CC(O)=O
Cc1cc(O)cc2c1c3c4C(=O)NC(=O)CC(=O)O.C3CC(=O)O.[nH]42

Brc1c2Cc3cccc4cc5cc6c43.C6(O)=O.c2c(O)[nH]1.C5C[S@](O)(=O)=O
c1cc2c3c4cc5c2.C4(=O)O.c1c3Cc6c(Br)[nH]c(O)c6.C5C[S@](=O)(=O)O

[s]1c2[n]c3c1.C3CCCC(=O)OC(C)=O.C2c4c5[C@@H](N)N.c4ccc5
CC(=O)OC(=O)CCCCc1c[s]c2[n]1.C2c1ccccc1[C@H](N)N

O=C(O)c1c2-c3c4cc5cc3.c2(N)ccc1.O4C.C5CC(O)=O
COc1c2-c3c4C(=O)O.c4ccc3N.c2cc5c1.C5CC(=O)O

Clc1ccc(O)c2cccc3c21.C3CC(=O)OC(=O)c4cc[n]c5ccccc54
c1ccc2c3c1.c43cc[n]2.C4(=O)OC(=O)CCc5c6c(Cl)ccc(O)c6ccc5

O=C1NCCC.O1C(=O)CCNc2cc3ccc4c5c3cc2.[nH]5cc4
CCCNC(=O)OC(=O)CCNc1ccc2c3c4cc[nH]3.c4cc2c1

O=CNc1cc2c3c4c1.c54c6[nH]3.c6ccc5.O2C
COc1cc2cc3c1[nH]c4ccccc43.N2C=O

O=C1c2c3C(O)=O.c42ccc3[C@@H](C)C.C1[C@@H]5c6c7C(O)=O.c6c8c9c7O.C54.C9C[C@@H]%10CC.C%108
CC[C@@H]1Cc2cc3c4C(=O)O.c4(O)c2CC1.[C@@H]35CC(=O)c6c7C5.c7cc8c6C(=O)O.[C@@H]8(C)C

ClC1=C2CC3=C[C@@H]4C(=O)CCC/C=C/C(O)=O.C3(=O)C=C4.C2c5c6ccc7c5[C@@H](O)CC[C@@H]7F.C61
C1/C=C/C(=O)O.C1CC(=O)[C@H]2C=C3C(=O)C=C2.C3C4=C(Cl)Cc5c6c7c8[C@@H](F)CC[C@@H]7O.c5c8.C64

[o]1c2c3cc1.c3cc-4c2.[n]5-4c6cc7ccc(O)c(C)c75.C6C
CCc1cc2c3[n]1-c4cc5c6cc[o]5.c4c6.c2cc(O)c3C

O=C(O)Cc1c(O)ccc2c3c4cc(O)c21.[C@H]53[C@@H]6CC(O)=O.C6=C[C@@H](O)[C@H]5[C@H](O)[C@H]4O
C1=C[C@@H](O)[C@H]2[C@H](O)[C@@H](O)c3c4[C@H]2[C@@H]1CC(=O)O.c3c(O)c5c4ccc(O)c5CC(=O)O

O=C1c2[n]c-3ccc2.c4-3c5C/C/6=C\CC(O)=O.c74c8[o]5.c8ccc7.C\6(O)=O.O1CC
CCOC(=O)c1cccc-2[n]1.c-21c2[o]c3ccccc13.C2\C\4=C/CC(=O)O.C/4(=O)O

O=C(O)CCCN[C@H]1[C@@H](O)C2=C[C@H]3c4c5c6ccc4.C5C.C3C7=C2C=C1.C7O.C6C
CCc1c2c3ccc1.[C@H]34C=C5[C@H](O)[C@@H]6NCCCC(=O)O.C57=C8CO.C2C.C84.C7=C6

O=C(O)c1cc2ccc3c4c2c5c1.C5[C@H]6C(O)=O.C6/C/7=C\C.O\7/C=C/C(O)=O.c4(C)c[o]3
C/C=C\1/O/C=C/C(=O)O.C1[C@@H]2C(=O)O.C2c1cc2cc3c1c4c5[o]cc4C.c5c3.C2(=O)O

[P@](O)(O)(=O)OC(=O)N[C@@H]1[C@@H]2[C@@H]3C(O)=O.C2(O)=O.C1[C@@H]4C(=O)NCC(=O)OCC.C43
CCOC(=O)CNC(=O)[C@H]1C[C@H]2[C@H]3C(=O)O.C1[C@H]3C(=O)O.N2C(=O)O[P@@](=O)(O)O

O=C(O)c1cc2c(N)c3c(N)cccc3c4c2[nH]1.O4C
COc1c2c3c(N)c4c1cccc4N.c3c5C(=O)O.[nH]25

O1c2ccccc2.c31cc4cc5cccc(C)c53.N4C(C)=C
C=C(C)Nc1cc2cccc(C)c2c3c1.O3c4ccccc4

O=C(O)c1c2[C@@H](O)/C=C\3/[C@H](C)[C@H](C)C.C3CCC(O)=O.c2cc4c5CCC(O)=O.c5c6OC.c6c41
C[C@@H](C)[C@@H](C)/C/1=C/[C@H](O)c2c3C(=O)O.c34c5c6cc7c4.C6CC(=O)O.O7C.c2c5.C1CCC(=O)O

O=C1[C@@H](O)C(O)=O.O1C(=O)CC(=O)Nc2[n][n]c[nH]2
C1C(=O)OC(=O)[C@@H](O)C(=O)O.C1(=O)Nc2[n][n]c[nH]2

[S@]1(=O)(=O)c2cc3c[o]2.C1C(=O)OC(=O)CCCCCC(O)=O.C3(N)=O
C1CCC(=O)OC(=O)C[S@](=O)(=O)c2cc3c[o]2.C1CC(=O)O.C3(=O)N

O=C1NC[C@@H](O)CC(O)=O.N1c2cc3cc4c(O)cccc42.O3C
COc1cc2c3c4c1.c2(O)ccc3.N4C(=O)NC[C@@H](O)CC(=O)O

FC(=C)c1c(O)c(O)ccc1-c2c(O)c3c(C)c[n]c(O)c3cc2
Cc1c[n]c(O)c2c1c(O)c3-c4c5c(O)c(O)cc4.C5(F)=C.c3c2

O=C(O)Cc1c2-c3c(O)c4ccccc4c5ccc(O)cc53.c61c[nH]2.C6CC(O)=O
c1ccc2c(O)c3-c4c5c6c[nH]4.c1c2c7c3cc(O)cc7.C6CC(=O)O.C5C(=O)O

Clc1c[nH]c2ccc3c4c21.C3C5=C[C@H]4O.c65c(F)cc(C)c7c6.N7[C@](C)(C)C
Cc1c2N[C@@](C)(C)C.c1c(F)c3c2.C34=C[C@@H](O)c5c6C4.c57c8[nH]cc7Cl.c6c8

O=C1Nc2c(O)cccc2.O1c1c2C3=C4[C@@H]5C=C3C=C(O)c2c6C(O)=O.c6c1.C4C=CC5
C1=CCC2=C3c4c5OC(=O)Nc6ccccc6O.C1[C@H]2C=C3C=C(O)c4c7C(=O)O.c7c5

Clc1c2c-3ccc1.c4-3cc(O)ccc4.C2C(=O)OC(=O)c5cc6ccc5.N76C(=O)NC.C7C
CCN1C(=O)NC.c12cccc3c2.C3(=O)OC(=O)Cc4c5-c6cc(O)ccc6.c4(Cl)ccc5

O=C(O)c1c2c3c4c5c1.C5C=C[C@H]4C(O)=O.O2CCC.C3c6c(C)cccc6
CCCOc1c2C(=O)O.c2c3c4c1Cc5ccccc5C.[C@H]46C(=O)O.C3C=C6

O=C(O)c1c(O)ccc(O)c1[C@@H]2c3c4c5c(O)c(O)c3.c4c(C)[o]5.C2C
CC[C@@H]1c2c(O)ccc(O)c2C(=O)O.c31cc(O)c(O)c4c3cc(C)[o]4

[n]1c[nH]c2c1[C@H]3c4ccc[nH]4.C2c5c3cccc5
c1ccc2[C@H]3c4c5[nH]c[n]4.c63ccc[nH]6.c1c2C5

O=C(O)Cc1cc2ccccc2c3c1[o]c4c3c5c(O)cc4.O5CC[C@@H](O)CC(O)=O
c1ccc2c3c4c5cc2c1.C5C(=O)O.[o]4c6c3c7c(O)cc6.O7CC[C@@H](O)CC(=O)O

O(C)/C/1=C\Cc2cc3c4cc2.[n]3c(N)[nH]4.C\1=C\c5c(C)c[n]c6c5.C6C=C
C=CCc1[n]cc(C)c\2c1.C/2=C/C/1=C/Cc2cc3c4[nH]c(N)[n]3.O\1C.c4c2

Cl/C/1=C/c2ccccc2.c3\1cc4ccc3.N4C(=O)NC(=O)OC(=O)[C@H](O)[C@H](N)C(O)=O
c1ccc2\C=C(\Cl)/c3cc4ccc3.N4C(=O)NC(=O)OC(=O)[C@H](O)[C@H](N)C(=O)O.c1c2

Clc1c(O)c2c3c4c5c(F)c2cc1.C5(O)=O.O3C.N4C(=O)CC=O
COc1c2c3c(F)c4c1c(O)c(Cl)cc4.C3(=O)O.N2C(=O)CC=O

O=C1[C@](C)(C)CC(O)=O.N1C(=O)CCCc2c3c4ccc2.[n]54c6c7[C@H]8C=CCc7c5.O8C.[nH]63
C[C@]1(C)C(=O)NC(=O)CCCc2c3c4ccc2.[n]45c6c7[C@@H]8OC.[nH]63.c5c7CC=C8.C1C(=O)O

O=C(O)[C@H]1C(O)=O.c21c3CC.c3c4c5c2.C4(=O)CC(=O)OC(=O)CC(O)=O.O5C(C)=O
CCc1cc2c3OC(=O)C.C2(=O)CC(=O)OC(=O)CC(=O)O.c3c1[C@@H]4C(=O)O.C4(=O)O

O=C1c2c(O)c3c(O)cccc3cc2O.O1C(=O)c4c(O)ccc5cc(O)cc6c54.C6#N
c1cc2cc(O)c3C(=O)OC(=O)c4c(O)ccc5c4c6cc(O)c5.c1c(O)c2c3O.C6#N

O=C(O)c1cc2c3c4ccc2c5c1[C@@H]6CC=C(C)C=C6.C5C.c4(O)cc(C)c3O
CCc1c2c3cc4c1[C@@H]5CC=C(C)C=C5.c2cc6c(O)cc(C)c(O)c36.C4(=O)O

Brc1c(O)c2c3c(Cl)c1.N42C(=O)CCCCC.N3C(N)=O.C4=O
CCCCCC(=O)N1c2c(O)c(Br)cc(Cl)c2NC(=O)N.C1=O

O=C(O)c1cc(O)cc2c(O)cc3c4ccccc4cc5C(O)=O.c21c53
c1ccc2c3cc(O)c4c5c3c6cc2c1.C6(=O)O.c4c(O)cc5C(=O)O

