O=C1c2cc/3cc4c2.C4Oc5cc(C)ccc5.O1C.C\3=C\c6c[o]cc6C(O)=O
Clc1c2ccc3cccc4c31.N2/C/5=C(/O)\NC.C\5(=O)OC(=O)c6ccccc6.C4C(C)=C
O=C(O)c1cc2cc3cc-4c2c5ccccc51.c6-4c7cccc6.O7C.C3C[C@@H]8CCCCC8
Fc1c(O)c2c3C(=O)NC(=O)CC(O)=O.c41c3.C2(=O)NCCC=O.O4C(=O)CNCCC
O=C1c2c3cccc2[C@H]4C5=C1.O3C(=O)c6ccccc6.C74=C(O)C=C5.C7#N
Oc1cccc2c[nH]c3c21.[C@]3(C)(C)c4cc5ccc4.N5C=C
O=C(O)c1ccc2cc1.C\2=C/1\c2cc3ccc2.O\1C.C3OC(C)=O
[S@@](C)(=O)(=O)N1C(=O)CF.C1(=O)OC(=O)c2ccc3c4c5c(O)ccc42.O3C.C\5=C/C(O)=O
O=C(O)c1c2c3c(N)ccc4c3cc1.C4C.O2CCCC
O=C(O)c1c2[C@@H]3CC.c42cc5c1.C5(O)=O.[C@H]4(C)C=C3
O=C1NCCCC.O1/C/2=C(/C)\C(\C)=N\OCc3c4[C@](C)(C)C.c4ccc3.C\2=C/C
O=C(O)C1=C(O)N[C@H]2C3=CCc4cc5cc6c42.C31.O6C.[C@]75(O)[C@H](C)C.[C@H]7(O)C[C@@H](C)C
Fc1c(O)c2c3C(=O)OC(=O)CCCC.c1cc2ccc3
O=C(O)c1c2C(=O)[C@H]3C(=O)N[C@](C)(C)C.c1c(N)cc2.C3(=O)OC
Ic1cc2cc3ccccc31.C2(F)(F)c4ccccc4
O=C(O)CCc1cc2cc3ccccc31.[C@]2(C)(C)[C@H]4CC.C4[C@@H](C)CCCC(O)=O
O=C1/C/2=C\c3c(O)c(C)cc(C)c3.C1=C(C)C(=O)C\2
O=C(O)[C@@H]1C(=O)[C@@H]2c3c(O)[nH]cc3[C@H]4C5=C2.C1(=O)NC=O.C5=CC=C4
O1c2ccccc2.c31c4ccc5c-6c7c8cc[nH]7.c53c8.O4C.[n]9-6c(O)ccc9
O=C1CC(=O)c2ccc3[C@@H](C)C.N1C(=O)C/C=C/4\N5CC.O\4C.c2c3.C5CC
[s]1c(C)ccc1COc2c3c4c5c6c7[C@@H](O)C=C5.O4c8cc9ccc8.C9(O)=O.c7ccc62.O3CC
Oc1c(O)ccc(O)c1[C@H](C)Cc2c[n]c(O)cc2
O=C(O)N/C=C/Cc1c2ccc3c1[C@@H](O)C=C[C@H]3C=O.N2c4c(O)cccc4C(O)=O
FC(F)(F)CC1=CCc2c3[C@H]1[C@@H](C)CCC.c3c4[C@]56C(O)=O.c4c2.C5(O)=O.c76cc(O)ccc7
O=C(O)[C@@H]1c2c(O)ccc3ccc(O)cc32.C1#N
Fc1cc(C)c2[C@@H]3CCC(O)=O.N3c4c(N)cccc4C(O)=O.c2c1
O1[C@@H]2c3c4[C@@H]5C(O)=C[C@H](O)c4c6cc3.c71cc8ccc7.C8O.O6CCC.C5=C2
Cl/C/1=C/c2cc3cc4c5c6c[nH]4.C\1=C.c5c3c(O)c2.C6C
N(C)c1cccc2cc(C)c3[C@@H]4CN.c21c3CCC4
Fc1c(C)c2c3cc1.C3C=C4c5c6C(=O)/C=C/C(=O)CCCOC.[C@@H]42CCc5ccc6
O[C@@H]1[C@@H](C)[C@@H](C)C.c21c3c4cc5ccccc52.C3CCC4
[S@]1(=O)(=O)c2c3[C@](C)(C)C.N1C(=O)OC(=O)CCC(O)=O.c42c(O)c5ccc6-c7ccc[nH]7.c6c53.C4=O
O=C(O)c1c2[C@H]3C=C(C)Cc2ccc1.O3c4ccccc4
O=C(O)CCc1cc-2cc3cc4c(O)c(C)cc5c4cc31.C5C.c6-2c(C)[nH][n]c6C
ClC1=C[C@@H]2C3=CCc4c2c[n]c/5c4O.C\5=C/[C@@H]6C(O)=O.C1=C3.N6C(=O)NCC
O=C(O)CCC/C=C\Cc1c2ccc3c1.N2CCCC.O3C
[S@]1(=O)(=O)NC(=O)OC(=O)CCC(O)=O.O1C(=O)CC(O)=O
Cl[C@@H]1C2=C3C(O)=O.C3[C@@H]4CC[C@@](C)(C)c5ccccc5.C41.N2CC(O)=O
O=C(O)N1C2=C[C@@H]3c4c5c(C)c(O)cc4[C@@H](C)C=C3.C52.C1[C@H](C)C
Brc1cc2[n]cccc2c3c1-[n]4c(C)c[n]c4.[S@@]3(=O)(=O)CC(O)=O
Ic1c2[S@@](=O)(=O)NC(=O)N[C@@H]3c4c[o]c5c4cc(C)c(C)c5.C3=C.c62ccc1Cl.O6C
FC1=C[C@@H](C)[C@H]2[C@@H]3[C@@H]4CC=C5[C@@]67c8c9[C@@H](C)C=C7.C4[C@H](C)C2.[C@H]351.c9ccc8.C6O
[o]1c2ccc1.C2c1cccc2c(C)ccc3c21.C3O
Fc1c(O)c2cc3ccccc31.O2c4c5[C@H]6C7=C8CC(O)=O.C7(O)=C9C=C6.C9#N.C8c5ccc4
O=C(O)c1cc(O)cc-2c1.c3-2c4c5ccc3.C4C=CC5
Fc1c2c3cc4c1.C2CCCCCC.N4C=C.C3N/C=C\C=O
O=C1C=C\C\2=C\3/c4cc(O)cc(O)c4.N/3C(=O)CC.C2O1
O=C1CC(=O)CCC(O)=O.O1c2c3c4ccc2.C3c5c6cc7cc5.C64.O7C
FC1=C2C/C/3=N\[C@H](O)c4cc5c6c7c4.C7C=C[C@@H]6C(O)=O.C\38=C1.C8C(O)=O.C5(O)=O.O2C
O=C1[C@H](N)CN[C@H]2c3cccc4cccc5c43.O1C(=O)CC(O)=O.C5C2
[o]1c2c(O)cc(O)c-3c2c(C)[n]1.c4-3c(O)c5cc(O)ccc5c6c4CC(C)=CC6
Fc1c2c3c(O)c(O)c1COC[C@H]4[C@@H]/5[C@H]6C=CC\C\5=C/C.O6C.N4CC.O2C.C3(O)=O
O=C(O)c1c2/C=C/3\C(O)=O.c2c(O)cc1.c4\3c5c6ccc4N.O5C.O6C
O=C(O)c1c2c3c4c5ccc3.c62c7c8c1.O7CCCCCCC.O8CCCCCC(O)=O.C5(O)=O.[nH]46
Fc1c2-c3ccc4C(O)=O.c1c(C)c5c6C=C.c6ccc52.c3c4
O=C1NC(=O)c2ccccc2.O1C[C@@H]1c2c3CCCC(O)=O.C1O.c2c4c5c3.C5C.C4C
O(C)[C@@H]1c2[n]c(O)c3c4c2[C@H]5C=C1.[C@@H]4(C)CC[C@@H](C)C.C3C.O5C
O=C1c2c3c4c5cc(O)cc4C.[nH]52.C3CC(O)=O.N1C(=O)CC(O)=O
Brc1c2Cc3cccc4cc5cc6c43.C6(O)=O.c2c(O)[nH]1.C5C[S@](O)(=O)=O
[s]1c2[n]c3c1.C3CCCC(=O)OC(C)=O.C2c4c5[C@@H](N)N.c4ccc5
O=C(O)c1c2-c3c4cc5cc3.c2(N)ccc1.O4C.C5CC(O)=O
Clc1ccc(O)c2cccc3c21.C3CC(=O)OC(=O)c4cc[n]c5ccccc54
O=C1NCCC.O1C(=O)CCNc2cc3ccc4c5c3cc2.[nH]5cc4
O=CNc1cc2c3c4c1.c54c6[nH]3.c6ccc5.O2C
O=C1c2c3C(O)=O.c42ccc3[C@@H](C)C.C1[C@@H]5c6c7C(O)=O.c6c8c9c7O.C54.C9C[C@@H]%10CC.C%108
ClC1=C2CC3=C[C@@H]4C(=O)CCC/C=C/C(O)=O.C3(=O)C=C4.C2c5c6ccc7c5[C@@H](O)CC[C@@H]7F.C61
[o]1c2c3cc1.c3cc-4c2.[n]5-4c6cc7ccc(O)c(C)c75.C6C
O=C(O)Cc1c(O)ccc2c3c4cc(O)c21.[C@H]53[C@@H]6CC(O)=O.C6=C[C@@H](O)[C@H]5[C@H](O)[C@H]4O
O=C1c2[n]c-3ccc2.c4-3c5C/C/6=C\CC(O)=O.c74c8[o]5.c8ccc7.C\6(O)=O.O1CC
O=C(O)CCCN[C@H]1[C@@H](O)C2=C[C@H]3c4c5c6ccc4.C5C.C3C7=C2C=C1.C7O.C6C
O=C(O)c1cc2ccc3c4c2c5c1.C5[C@H]6C(O)=O.C6/C/7=C\C.O\7/C=C/C(O)=O.c4(C)c[o]3
[P@](O)(O)(=O)OC(=O)N[C@@H]1[C@@H]2[C@@H]3C(O)=O.C2(O)=O.C1[C@@H]4C(=O)NCC(=O)OCC.C43
O=C(O)c1cc2c(N)c3c(N)cccc3c4c2[nH]1.O4C
O1c2ccccc2.c31cc4cc5cccc(C)c53.N4C(C)=C
O=C(O)c1c2[C@@H](O)/C=C\3/[C@H](C)[C@H](C)C.C3CCC(O)=O.c2cc4c5CCC(O)=O.c5c6OC.c6c41
O=C1[C@@H](O)C(O)=O.O1C(=O)CC(=O)Nc2[n][n]c[nH]2
[S@]1(=O)(=O)c2cc3c[o]2.C1C(=O)OC(=O)CCCCCC(O)=O.C3(N)=O
O=C1NC[C@@H](O)CC(O)=O.N1c2cc3cc4c(O)cccc42.O3C
FC(=C)c1c(O)c(O)ccc1-c2c(O)c3c(C)c[n]c(O)c3cc2
O=C(O)Cc1c2-c3c(O)c4ccccc4c5ccc(O)cc53.c61c[nH]2.C6CC(O)=O
Clc1c[nH]c2ccc3c4c21.C3C5=C[C@H]4O.c65c(F)cc(C)c7c6.N7[C@](C)(C)C
O=C1Nc2c(O)cccc2.O1c1c2C3=C4[C@@H]5C=C3C=C(O)c2c6C(O)=O.c6c1.C4C=CC5
Clc1c2c-3ccc1.c4-3cc(O)ccc4.C2C(=O)OC(=O)c5cc6ccc5.N76C(=O)NC.C7C
O=C(O)c1c2c3c4c5c1.C5C=C[C@H]4C(O)=O.O2CCC.C3c6c(C)cccc6
O=C(O)c1c(O)ccc(O)c1[C@@H]2c3c4c5c(O)c(O)c3.c4c(C)[o]5.C2C
[n]1c[nH]c2c1[C@H]3c4ccc[nH]4.C2c5c3cccc5
O=C(O)Cc1cc2ccccc2c3c1[o]c4c3c5c(O)cc4.O5CC[C@@H](O)CC(O)=O
O(C)/C/1=C\Cc2cc3c4cc2.[n]3c(N)[nH]4.C\1=C\c5c(C)c[n]c6c5.C6C=C
Cl/C/1=C/c2ccccc2.c3\1cc4ccc3.N4C(=O)NC(=O)OC(=O)[C@H](O)[C@H](N)C(O)=O
Clc1c(O)c2c3c4c5c(F)c2cc1.C5(O)=O.O3C.N4C(=O)CC=O
O=C1[C@](C)(C)CC(O)=O.N1C(=O)CCCc2c3c4ccc2.[n]54c6c7[C@H]8C=CCc7c5.O8C.[nH]63
O=C(O)[C@H]1C(O)=O.c21c3CC.c3c4c5c2.C4(=O)CC(=O)OC(=O)CC(O)=O.O5C(C)=O
O=C1c2c(O)c3c(O)cccc3cc2O.O1C(=O)c4c(O)ccc5cc(O)cc6c54.C6#N
O=C(O)c1cc2c3c4ccc2c5c1[C@@H]6CC=C(C)C=C6.C5C.c4(O)cc(C)c3O
Brc1c(O)c2c3c(Cl)c1.N42C(=O)CCCCC.N3C(N)=O.C4=O
O=C(O)c1cc(O)cc2c(O)cc3c4ccccc4cc5C(O)=O.c21c53
O=C(C)CCc1c[o]c2c1c3cccc4c3cc2O.O4CC
